{"/Users/jamesburrow/review-hub/src/events-version-control.ts": {"path":"/Users/jamesburrow/review-hub/src/events-version-control.ts","statementMap":{"0":{"start":{"line":1,"column":0},"end":{"line":1,"column":null}},"1":{"start":{"line":6,"column":0},"end":{"line":6,"column":26}},"2":{"start":{"line":50,"column":0},"end":{"line":50,"column":null}},"3":{"start":{"line":51,"column":2},"end":{"line":51,"column":null}},"4":{"start":{"line":52,"column":2},"end":{"line":52,"column":null}},"5":{"start":{"line":92,"column":30},"end":{"line":98,"column":4}},"6":{"start":{"line":100,"column":2},"end":{"line":103,"column":4}},"7":{"start":{"line":107,"column":2},"end":{"line":114,"column":4}},"8":{"start":{"line":106,"column":0},"end":{"line":106,"column":16}},"9":{"start":{"line":123,"column":2},"end":{"line":213,"column":null}},"10":{"start":{"line":125,"column":6},"end":{"line":125,"column":42}},"11":{"start":{"line":128,"column":57},"end":{"line":128,"column":59}},"12":{"start":{"line":129,"column":32},"end":{"line":129,"column":50}},"13":{"start":{"line":130,"column":6},"end":{"line":194,"column":null}},"14":{"start":{"line":131,"column":8},"end":{"line":137,"column":null}},"15":{"start":{"line":132,"column":10},"end":{"line":135,"column":12}},"16":{"start":{"line":136,"column":10},"end":{"line":136,"column":19}},"17":{"start":{"line":139,"column":22},"end":{"line":146,"column":23}},"18":{"start":{"line":148,"column":21},"end":{"line":148,"column":43}},"19":{"start":{"line":149,"column":19},"end":{"line":149,"column":28}},"20":{"start":{"line":150,"column":27},"end":{"line":150,"column":44}},"21":{"start":{"line":152,"column":8},"end":{"line":184,"column":null}},"22":{"start":{"line":154,"column":12},"end":{"line":154,"column":73}},"23":{"start":{"line":155,"column":12},"end":{"line":155,"column":68}},"24":{"start":{"line":157,"column":12},"end":{"line":157,"column":18}},"25":{"start":{"line":159,"column":12},"end":{"line":159,"column":44}},"26":{"start":{"line":160,"column":12},"end":{"line":160,"column":26}},"27":{"start":{"line":162,"column":12},"end":{"line":162,"column":18}},"28":{"start":{"line":164,"column":12},"end":{"line":164,"column":45}},"29":{"start":{"line":165,"column":12},"end":{"line":165,"column":24}},"30":{"start":{"line":167,"column":12},"end":{"line":167,"column":18}},"31":{"start":{"line":169,"column":12},"end":{"line":169,"column":44}},"32":{"start":{"line":170,"column":12},"end":{"line":170,"column":39}},"33":{"start":{"line":172,"column":12},"end":{"line":179,"column":14}},"34":{"start":{"line":181,"column":12},"end":{"line":181,"column":18}},"35":{"start":{"line":183,"column":12},"end":{"line":183,"column":33}},"36":{"start":{"line":186,"column":8},"end":{"line":193,"column":10}},"37":{"start":{"line":196,"column":20},"end":{"line":199,"column":8}},"38":{"start":{"line":201,"column":23},"end":{"line":201,"column":39}},"39":{"start":{"line":202,"column":47},"end":{"line":202,"column":49}},"40":{"start":{"line":203,"column":6},"end":{"line":203,"column":34}},"41":{"start":{"line":205,"column":6},"end":{"line":212,"column":8}},"42":{"start":{"line":119,"column":0},"end":{"line":119,"column":16}},"43":{"start":{"line":220,"column":2},"end":{"line":220,"column":48}},"44":{"start":{"line":222,"column":2},"end":{"line":224,"column":null}},"45":{"start":{"line":223,"column":4},"end":{"line":223,"column":44}},"46":{"start":{"line":226,"column":2},"end":{"line":226,"column":15}},"47":{"start":{"line":216,"column":0},"end":{"line":216,"column":16}},"48":{"start":{"line":230,"column":2},"end":{"line":230,"column":69}},"49":{"start":{"line":229,"column":0},"end":{"line":229,"column":16}}},"fnMap":{"0":{"name":"(anonymous_0)","decl":{"start":{"line":50,"column":0},"end":{"line":50,"column":12}},"loc":{"start":{"line":50,"column":27},"end":{"line":53,"column":1}}},"1":{"name":"createFileState","decl":{"start":{"line":84,"column":9},"end":{"line":84,"column":24}},"loc":{"start":{"line":90,"column":34},"end":{"line":104,"column":1}}},"2":{"name":"initialVersionControlState","decl":{"start":{"line":106,"column":16},"end":{"line":106,"column":42}},"loc":{"start":{"line":106,"column":42},"end":{"line":115,"column":1}}},"3":{"name":"versionControlReducer","decl":{"start":{"line":119,"column":16},"end":{"line":119,"column":37}},"loc":{"start":{"line":121,"column":28},"end":{"line":214,"column":1}}},"4":{"name":"reduceVersionControl","decl":{"start":{"line":216,"column":16},"end":{"line":216,"column":36}},"loc":{"start":{"line":218,"column":35},"end":{"line":227,"column":1}}},"5":{"name":"isReadonly","decl":{"start":{"line":229,"column":16},"end":{"line":229,"column":26}},"loc":{"start":{"line":229,"column":72},"end":{"line":231,"column":1}}}},"branchMap":{"0":{"loc":{"start":{"line":50,"column":12},"end":{"line":50,"column":27}},"type":"binary-expr","locations":[{"start":{"line":50,"column":12},"end":{"line":50,"column":27}},{"start":{"line":50,"column":12},"end":{"line":50,"column":null}}]},"1":{"loc":{"start":{"line":97,"column":18},"end":{"line":97,"column":30}},"type":"binary-expr","locations":[{"start":{"line":97,"column":18},"end":{"line":97,"column":30}},{"start":{"line":97,"column":34},"end":{"line":97,"column":50}}]},"2":{"loc":{"start":{"line":124,"column":4},"end":{"line":125,"column":42}},"type":"switch","locations":[{"start":{"line":124,"column":4},"end":{"line":125,"column":42}},{"start":{"line":127,"column":4},"end":{"line":212,"column":8}}]},"3":{"loc":{"start":{"line":131,"column":8},"end":{"line":137,"column":null}},"type":"if","locations":[{"start":{"line":131,"column":8},"end":{"line":137,"column":null}},{"start":{"line":131,"column":8},"end":{"line":137,"column":null}}]},"4":{"loc":{"start":{"line":139,"column":22},"end":{"line":139,"column":45}},"type":"binary-expr","locations":[{"start":{"line":139,"column":22},"end":{"line":139,"column":45}},{"start":{"line":139,"column":49},"end":{"line":146,"column":23}}]},"5":{"loc":{"start":{"line":153,"column":10},"end":{"line":157,"column":18}},"type":"switch","locations":[{"start":{"line":153,"column":10},"end":{"line":157,"column":18}},{"start":{"line":158,"column":10},"end":{"line":162,"column":18}},{"start":{"line":163,"column":10},"end":{"line":167,"column":18}},{"start":{"line":168,"column":10},"end":{"line":181,"column":18}},{"start":{"line":182,"column":10},"end":{"line":183,"column":33}}]},"6":{"loc":{"start":{"line":170,"column":19},"end":{"line":170,"column":25}},"type":"binary-expr","locations":[{"start":{"line":170,"column":19},"end":{"line":170,"column":25}},{"start":{"line":170,"column":29},"end":{"line":170,"column":38}}]},"7":{"loc":{"start":{"line":201,"column":23},"end":{"line":201,"column":31}},"type":"binary-expr","locations":[{"start":{"line":201,"column":23},"end":{"line":201,"column":31}},{"start":{"line":201,"column":35},"end":{"line":201,"column":39}}]},"8":{"loc":{"start":{"line":218,"column":31},"end":{"line":218,"column":35}},"type":"default-arg","locations":[{"start":{"line":218,"column":31},"end":{"line":218,"column":35}}]},"9":{"loc":{"start":{"line":220,"column":10},"end":{"line":220,"column":15}},"type":"binary-expr","locations":[{"start":{"line":220,"column":10},"end":{"line":220,"column":15}},{"start":{"line":220,"column":19},"end":{"line":220,"column":47}}]}},"s":{"0":2,"1":2,"2":2,"3":2,"4":2,"5":20,"6":20,"7":9,"8":2,"9":20,"10":3,"11":17,"12":17,"13":17,"14":19,"15":0,"16":0,"17":19,"18":19,"19":19,"20":19,"21":19,"22":3,"23":3,"24":3,"25":13,"26":13,"27":13,"28":2,"29":2,"30":2,"31":1,"32":1,"33":1,"34":1,"35":0,"36":19,"37":17,"38":17,"39":17,"40":17,"41":17,"42":2,"43":8,"44":8,"45":14,"46":8,"47":2,"48":1,"49":2},"f":{"0":2,"1":20,"2":9,"3":20,"4":8,"5":1},"b":{"0":[2,2],"1":[20,0],"2":[3,17],"3":[0,19],"4":[19,8],"5":[3,13,2,1,0],"6":[1,1],"7":[17,13],"8":[4],"9":[8,4]}}
,"/Users/jamesburrow/review-hub/src/interaction-store.ts": {"path":"/Users/jamesburrow/review-hub/src/interaction-store.ts","statementMap":{"0":{"start":{"line":25,"column":34},"end":{"line":53,"column":1}},"1":{"start":{"line":29,"column":2},"end":{"line":51,"column":null}},"2":{"start":{"line":31,"column":6},"end":{"line":31,"column":51}},"3":{"start":{"line":34,"column":6},"end":{"line":34,"column":60}},"4":{"start":{"line":37,"column":6},"end":{"line":50,"column":8}},"5":{"start":{"line":52,"column":2},"end":{"line":52,"column":15}},"6":{"start":{"line":25,"column":13},"end":{"line":25,"column":34}}},"fnMap":{"0":{"name":"(anonymous_0)","decl":{"start":{"line":25,"column":34},"end":{"line":25,"column":null}},"loc":{"start":{"line":28,"column":22},"end":{"line":53,"column":1}}}},"branchMap":{"0":{"loc":{"start":{"line":30,"column":4},"end":{"line":31,"column":51}},"type":"switch","locations":[{"start":{"line":30,"column":4},"end":{"line":31,"column":51}},{"start":{"line":33,"column":4},"end":{"line":34,"column":60}},{"start":{"line":36,"column":4},"end":{"line":50,"column":8}}]}},"s":{"0":2,"1":6,"2":0,"3":1,"4":5,"5":0,"6":2},"f":{"0":6},"b":{"0":[0,1,5]}}
,"/Users/jamesburrow/review-hub/src/store.ts": {"path":"/Users/jamesburrow/review-hub/src/store.ts","statementMap":{"0":{"start":{"line":1,"column":0},"end":{"line":1,"column":null}},"1":{"start":{"line":9,"column":0},"end":{"line":9,"column":null}},"2":{"start":{"line":21,"column":0},"end":{"line":21,"column":null}},"3":{"start":{"line":22,"column":2},"end":{"line":22,"column":null}},"4":{"start":{"line":23,"column":2},"end":{"line":23,"column":null}},"5":{"start":{"line":33,"column":26},"end":{"line":146,"column":1}},"6":{"start":{"line":34,"column":2},"end":{"line":144,"column":null}},"7":{"start":{"line":38,"column":6},"end":{"line":41,"column":8}},"8":{"start":{"line":43,"column":6},"end":{"line":47,"column":8}},"9":{"start":{"line":50,"column":6},"end":{"line":143,"column":null}},"10":{"start":{"line":53,"column":12},"end":{"line":53,"column":68}},"11":{"start":{"line":55,"column":12},"end":{"line":58,"column":58}},"12":{"start":{"line":61,"column":12},"end":{"line":62,"column":38}},"13":{"start":{"line":64,"column":19},"end":{"line":72,"column":null}},"14":{"start":{"line":75,"column":10},"end":{"line":84,"column":null}},"15":{"start":{"line":76,"column":22},"end":{"line":76,"column":75}},"16":{"start":{"line":77,"column":12},"end":{"line":83,"column":15}},"17":{"start":{"line":86,"column":10},"end":{"line":91,"column":null}},"18":{"start":{"line":87,"column":12},"end":{"line":90,"column":15}},"19":{"start":{"line":93,"column":10},"end":{"line":93,"column":20}},"20":{"start":{"line":95,"column":32},"end":{"line":95,"column":67}},"21":{"start":{"line":96,"column":33},"end":{"line":96,"column":55}},"22":{"start":{"line":99,"column":10},"end":{"line":118,"column":null}},"23":{"start":{"line":100,"column":27},"end":{"line":103,"column":null}},"24":{"start":{"line":102,"column":16},"end":{"line":103,"column":69}},"25":{"start":{"line":106,"column":12},"end":{"line":108,"column":null}},"26":{"start":{"line":107,"column":14},"end":{"line":107,"column":51}},"27":{"start":{"line":109,"column":12},"end":{"line":117,"column":null}},"28":{"start":{"line":112,"column":18},"end":{"line":113,"column":68}},"29":{"start":{"line":116,"column":14},"end":{"line":116,"column":37}},"30":{"start":{"line":119,"column":26},"end":{"line":119,"column":69}},"31":{"start":{"line":121,"column":10},"end":{"line":132,"column":null}},"32":{"start":{"line":122,"column":26},"end":{"line":122,"column":56}},"33":{"start":{"line":124,"column":12},"end":{"line":131,"column":15}},"34":{"start":{"line":138,"column":10},"end":{"line":142,"column":12}},"35":{"start":{"line":145,"column":2},"end":{"line":145,"column":15}},"36":{"start":{"line":33,"column":13},"end":{"line":33,"column":26}}},"fnMap":{"0":{"name":"(anonymous_0)","decl":{"start":{"line":21,"column":0},"end":{"line":21,"column":12}},"loc":{"start":{"line":21,"column":35},"end":{"line":24,"column":1}}},"1":{"name":"(anonymous_1)","decl":{"start":{"line":33,"column":26},"end":{"line":33,"column":27}},"loc":{"start":{"line":33,"column":74},"end":{"line":146,"column":1}}},"2":{"name":"(anonymous_2)","decl":{"start":{"line":101,"column":14},"end":{"line":101,"column":15}},"loc":{"start":{"line":102,"column":16},"end":{"line":103,"column":69}}},"3":{"name":"(anonymous_3)","decl":{"start":{"line":111,"column":16},"end":{"line":111,"column":17}},"loc":{"start":{"line":112,"column":18},"end":{"line":113,"column":68}}}},"branchMap":{"0":{"loc":{"start":{"line":21,"column":12},"end":{"line":21,"column":35}},"type":"binary-expr","locations":[{"start":{"line":21,"column":12},"end":{"line":21,"column":35}},{"start":{"line":21,"column":12},"end":{"line":21,"column":null}}]},"1":{"loc":{"start":{"line":35,"column":4},"end":{"line":35,"column":24}},"type":"switch","locations":[{"start":{"line":35,"column":4},"end":{"line":35,"column":24}},{"start":{"line":36,"column":4},"end":{"line":36,"column":24}},{"start":{"line":37,"column":4},"end":{"line":41,"column":8}},{"start":{"line":42,"column":4},"end":{"line":47,"column":8}},{"start":{"line":48,"column":4},"end":{"line":48,"column":18}},{"start":{"line":49,"column":4},"end":{"line":143,"column":null}}]},"2":{"loc":{"start":{"line":51,"column":8},"end":{"line":93,"column":20}},"type":"switch","locations":[{"start":{"line":51,"column":8},"end":{"line":93,"column":20}},{"start":{"line":94,"column":8},"end":{"line":142,"column":12}}]},"3":{"loc":{"start":{"line":55,"column":12},"end":{"line":55,"column":47}},"type":"binary-expr","locations":[{"start":{"line":55,"column":12},"end":{"line":55,"column":47}},{"start":{"line":56,"column":12},"end":{"line":56,"column":26}},{"start":{"line":57,"column":12},"end":{"line":58,"column":58}}]},"4":{"loc":{"start":{"line":61,"column":12},"end":{"line":61,"column":51}},"type":"binary-expr","locations":[{"start":{"line":61,"column":12},"end":{"line":61,"column":51}},{"start":{"line":62,"column":12},"end":{"line":62,"column":38}}]},"5":{"loc":{"start":{"line":75,"column":10},"end":{"line":84,"column":null}},"type":"if","locations":[{"start":{"line":75,"column":10},"end":{"line":84,"column":null}},{"start":{"line":75,"column":10},"end":{"line":84,"column":null}}]},"6":{"loc":{"start":{"line":86,"column":10},"end":{"line":91,"column":null}},"type":"if","locations":[{"start":{"line":86,"column":10},"end":{"line":91,"column":null}},{"start":{"line":86,"column":10},"end":{"line":91,"column":null}}]},"7":{"loc":{"start":{"line":99,"column":10},"end":{"line":118,"column":null}},"type":"if","locations":[{"start":{"line":99,"column":10},"end":{"line":118,"column":null}},{"start":{"line":99,"column":10},"end":{"line":118,"column":null}}]},"8":{"loc":{"start":{"line":102,"column":16},"end":{"line":102,"column":35}},"type":"binary-expr","locations":[{"start":{"line":102,"column":16},"end":{"line":102,"column":35}},{"start":{"line":103,"column":16},"end":{"line":103,"column":69}}]},"9":{"loc":{"start":{"line":106,"column":12},"end":{"line":108,"column":null}},"type":"if","locations":[{"start":{"line":106,"column":12},"end":{"line":108,"column":null}},{"start":{"line":106,"column":12},"end":{"line":108,"column":null}}]},"10":{"loc":{"start":{"line":106,"column":16},"end":{"line":106,"column":33}},"type":"binary-expr","locations":[{"start":{"line":106,"column":16},"end":{"line":106,"column":33}},{"start":{"line":106,"column":37},"end":{"line":106,"column":63}}]},"11":{"loc":{"start":{"line":109,"column":12},"end":{"line":117,"column":null}},"type":"if","locations":[{"start":{"line":109,"column":12},"end":{"line":117,"column":null}},{"start":{"line":109,"column":12},"end":{"line":117,"column":null}}]},"12":{"loc":{"start":{"line":112,"column":18},"end":{"line":112,"column":37}},"type":"binary-expr","locations":[{"start":{"line":112,"column":18},"end":{"line":112,"column":37}},{"start":{"line":113,"column":18},"end":{"line":113,"column":68}}]},"13":{"loc":{"start":{"line":121,"column":10},"end":{"line":132,"column":null}},"type":"if","locations":[{"start":{"line":121,"column":10},"end":{"line":132,"column":null}},{"start":{"line":121,"column":10},"end":{"line":132,"column":null}}]},"14":{"loc":{"start":{"line":126,"column":29},"end":{"line":126,"column":31}},"type":"cond-expr","locations":[{"start":{"line":126,"column":29},"end":{"line":126,"column":31}},{"start":{"line":126,"column":24},"end":{"line":126,"column":39}}]},"15":{"loc":{"start":{"line":126,"column":24},"end":{"line":126,"column":31}},"type":"binary-expr","locations":[{"start":{"line":126,"column":24},"end":{"line":126,"column":31}},{"start":{"line":126,"column":24},"end":{"line":126,"column":31}}]},"16":{"loc":{"start":{"line":127,"column":24},"end":{"line":127,"column":29}},"type":"binary-expr","locations":[{"start":{"line":127,"column":24},"end":{"line":127,"column":29}},{"start":{"line":127,"column":33},"end":{"line":127,"column":74}}]},"17":{"loc":{"start":{"line":128,"column":25},"end":{"line":128,"column":27}},"type":"cond-expr","locations":[{"start":{"line":128,"column":25},"end":{"line":128,"column":27}},{"start":{"line":128,"column":20},"end":{"line":128,"column":31}}]},"18":{"loc":{"start":{"line":128,"column":20},"end":{"line":128,"column":27}},"type":"binary-expr","locations":[{"start":{"line":128,"column":20},"end":{"line":128,"column":27}},{"start":{"line":128,"column":20},"end":{"line":128,"column":27}}]},"19":{"loc":{"start":{"line":129,"column":29},"end":{"line":129,"column":31}},"type":"cond-expr","locations":[{"start":{"line":129,"column":29},"end":{"line":129,"column":31}},{"start":{"line":129,"column":24},"end":{"line":129,"column":43}}]},"20":{"loc":{"start":{"line":129,"column":24},"end":{"line":129,"column":31}},"type":"binary-expr","locations":[{"start":{"line":129,"column":24},"end":{"line":129,"column":31}},{"start":{"line":129,"column":24},"end":{"line":129,"column":31}}]},"21":{"loc":{"start":{"line":130,"column":29},"end":{"line":130,"column":31}},"type":"cond-expr","locations":[{"start":{"line":130,"column":29},"end":{"line":130,"column":31}},{"start":{"line":130,"column":24},"end":{"line":130,"column":39}}]},"22":{"loc":{"start":{"line":130,"column":24},"end":{"line":130,"column":31}},"type":"binary-expr","locations":[{"start":{"line":130,"column":24},"end":{"line":130,"column":31}},{"start":{"line":130,"column":24},"end":{"line":130,"column":31}}]}},"s":{"0":1,"1":1,"2":1,"3":1,"4":1,"5":1,"6":8,"7":2,"8":0,"9":6,"10":2,"11":2,"12":2,"13":2,"14":2,"15":1,"16":1,"17":2,"18":0,"19":2,"20":4,"21":4,"22":4,"23":2,"24":2,"25":2,"26":1,"27":2,"28":2,"29":1,"30":4,"31":4,"32":2,"33":2,"34":4,"35":0,"36":1},"f":{"0":1,"1":8,"2":2,"3":2},"b":{"0":[1,1],"1":[0,2,2,0,4,6],"2":[2,4],"3":[2,1,1],"4":[2,0],"5":[1,1],"6":[0,2],"7":[2,2],"8":[2,1],"9":[1,1],"10":[2,1],"11":[1,1],"12":[2,1],"13":[2,2],"14":[1,1],"15":[2,2],"16":[2,1],"17":[1,1],"18":[2,2],"19":[1,1],"20":[2,2],"21":[1,1],"22":[2,2]}}
}
