{"/Users/jamesburrow/review-hub/src/app.tsx": {"path":"/Users/jamesburrow/review-hub/src/app.tsx","statementMap":{"0":{"start":{"line":1,"column":0},"end":{"line":1,"column":67}},"1":{"start":{"line":2,"column":0},"end":{"line":2,"column":41}},"2":{"start":{"line":4,"column":0},"end":{"line":4,"column":41}},"3":{"start":{"line":5,"column":0},"end":{"line":5,"column":52}},"4":{"start":{"line":6,"column":0},"end":{"line":6,"column":48}},"5":{"start":{"line":7,"column":0},"end":{"line":7,"column":48}},"6":{"start":{"line":9,"column":0},"end":{"line":9,"column":37}},"7":{"start":{"line":10,"column":0},"end":{"line":10,"column":32}},"8":{"start":{"line":12,"column":0},"end":{"line":12,"column":51}},"9":{"start":{"line":14,"column":24},"end":{"line":14,"column":46}},"10":{"start":{"line":26,"column":13},"end":{"line":111,"column":2}},"11":{"start":{"line":35,"column":28},"end":{"line":35,"column":43}},"12":{"start":{"line":37,"column":4},"end":{"line":109,"column":6}},"13":{"start":{"line":53,"column":14},"end":{"line":54,"column":null}},"14":{"start":{"line":53,"column":45},"end":{"line":53,"column":99}},"15":{"start":{"line":64,"column":37},"end":{"line":64,"column":93}},"16":{"start":{"line":113,"column":13},"end":{"line":123,"column":3}},"17":{"start":{"line":114,"column":2},"end":{"line":122,"column":4}},"18":{"start":{"line":117,"column":26},"end":{"line":117,"column":45}},"19":{"start":{"line":118,"column":22},"end":{"line":118,"column":41}},"20":{"start":{"line":124,"column":13},"end":{"line":126,"column":3}},"21":{"start":{"line":125,"column":2},"end":{"line":125,"column":77}}},"fnMap":{"0":{"name":"(anonymous_0)","decl":{"start":{"line":27,"column":2},"end":{"line":27,"column":null}},"loc":{"start":{"line":34,"column":6},"end":{"line":110,"column":3}}},"1":{"name":"(anonymous_1)","decl":{"start":{"line":52,"column":32},"end":{"line":52,"column":33}},"loc":{"start":{"line":53,"column":14},"end":{"line":54,"column":null}}},"2":{"name":"(anonymous_2)","decl":{"start":{"line":53,"column":39},"end":{"line":53,"column":42}},"loc":{"start":{"line":53,"column":45},"end":{"line":53,"column":99}}},"3":{"name":"(anonymous_3)","decl":{"start":{"line":64,"column":31},"end":{"line":64,"column":34}},"loc":{"start":{"line":64,"column":37},"end":{"line":64,"column":93}}},"4":{"name":"(anonymous_4)","decl":{"start":{"line":113,"column":50},"end":{"line":113,"column":51}},"loc":{"start":{"line":113,"column":110},"end":{"line":123,"column":1}}},"5":{"name":"(anonymous_5)","decl":{"start":{"line":117,"column":19},"end":{"line":117,"column":20}},"loc":{"start":{"line":117,"column":26},"end":{"line":117,"column":45}}},"6":{"name":"(anonymous_6)","decl":{"start":{"line":118,"column":15},"end":{"line":118,"column":16}},"loc":{"start":{"line":118,"column":22},"end":{"line":118,"column":41}}},"7":{"name":"(anonymous_7)","decl":{"start":{"line":124,"column":50},"end":{"line":124,"column":51}},"loc":{"start":{"line":124,"column":110},"end":{"line":126,"column":1}}}},"branchMap":{"0":{"loc":{"start":{"line":52,"column":26},"end":{"line":52,"column":28}},"type":"cond-expr","locations":[{"start":{"line":52,"column":26},"end":{"line":52,"column":28}},{"start":{"line":52,"column":26},"end":{"line":56,"column":null}}]},"1":{"loc":{"start":{"line":51,"column":23},"end":{"line":52,"column":28}},"type":"binary-expr","locations":[{"start":{"line":51,"column":23},"end":{"line":52,"column":28}},{"start":{"line":52,"column":26},"end":{"line":52,"column":28}}]},"2":{"loc":{"start":{"line":62,"column":56},"end":{"line":62,"column":101}},"type":"cond-expr","locations":[{"start":{"line":62,"column":56},"end":{"line":62,"column":101}},{"start":{"line":62,"column":104},"end":{"line":62,"column":110}}]},"3":{"loc":{"start":{"line":63,"column":13},"end":{"line":63,"column":37}},"type":"binary-expr","locations":[{"start":{"line":63,"column":13},"end":{"line":63,"column":37}},{"start":{"line":64,"column":14},"end":{"line":64,"column":118}}]},"4":{"loc":{"start":{"line":75,"column":16},"end":{"line":75,"column":24}},"type":"cond-expr","locations":[{"start":{"line":75,"column":16},"end":{"line":75,"column":24}},{"start":{"line":76,"column":16},"end":{"line":78,"column":76}}]},"5":{"loc":{"start":{"line":74,"column":55},"end":{"line":74,"column":57}},"type":"cond-expr","locations":[{"start":{"line":74,"column":55},"end":{"line":74,"column":57}},{"start":{"line":74,"column":55},"end":{"line":74,"column":65}}]},"6":{"loc":{"start":{"line":74,"column":13},"end":{"line":74,"column":57}},"type":"binary-expr","locations":[{"start":{"line":74,"column":13},"end":{"line":74,"column":57}},{"start":{"line":74,"column":55},"end":{"line":74,"column":57}}]},"7":{"loc":{"start":{"line":76,"column":69},"end":{"line":76,"column":71}},"type":"cond-expr","locations":[{"start":{"line":76,"column":69},"end":{"line":76,"column":71}},{"start":{"line":76,"column":69},"end":{"line":76,"column":79}}]},"8":{"loc":{"start":{"line":76,"column":28},"end":{"line":76,"column":71}},"type":"binary-expr","locations":[{"start":{"line":76,"column":28},"end":{"line":76,"column":71}},{"start":{"line":76,"column":69},"end":{"line":76,"column":71}}]},"9":{"loc":{"start":{"line":77,"column":59},"end":{"line":77,"column":61}},"type":"cond-expr","locations":[{"start":{"line":77,"column":59},"end":{"line":77,"column":61}},{"start":{"line":77,"column":59},"end":{"line":77,"column":null}}]},"10":{"loc":{"start":{"line":77,"column":18},"end":{"line":77,"column":61}},"type":"binary-expr","locations":[{"start":{"line":77,"column":18},"end":{"line":77,"column":61}},{"start":{"line":77,"column":59},"end":{"line":77,"column":61}}]},"11":{"loc":{"start":{"line":78,"column":20},"end":{"line":78,"column":68}},"type":"binary-expr","locations":[{"start":{"line":78,"column":20},"end":{"line":78,"column":68}},{"start":{"line":78,"column":72},"end":{"line":78,"column":74}}]},"12":{"loc":{"start":{"line":78,"column":61},"end":{"line":78,"column":63}},"type":"cond-expr","locations":[{"start":{"line":78,"column":61},"end":{"line":78,"column":63}},{"start":{"line":78,"column":61},"end":{"line":78,"column":68}}]},"13":{"loc":{"start":{"line":78,"column":20},"end":{"line":78,"column":63}},"type":"binary-expr","locations":[{"start":{"line":78,"column":20},"end":{"line":78,"column":63}},{"start":{"line":78,"column":61},"end":{"line":78,"column":63}}]},"14":{"loc":{"start":{"line":90,"column":79},"end":{"line":90,"column":81}},"type":"cond-expr","locations":[{"start":{"line":90,"column":79},"end":{"line":90,"column":81}},{"start":{"line":90,"column":81},"end":{"line":90,"column":89}}]},"15":{"loc":{"start":{"line":90,"column":38},"end":{"line":90,"column":81}},"type":"binary-expr","locations":[{"start":{"line":90,"column":38},"end":{"line":90,"column":81}},{"start":{"line":90,"column":79},"end":{"line":90,"column":81}}]}},"s":{"0":0,"1":0,"2":0,"3":0,"4":0,"5":0,"6":0,"7":0,"8":0,"9":0,"10":0,"11":0,"12":0,"13":0,"14":0,"15":0,"16":0,"17":0,"18":0,"19":0,"20":0,"21":0},"f":{"0":0,"1":0,"2":0,"3":0,"4":0,"5":0,"6":0,"7":0},"b":{"0":[0,0],"1":[0,0],"2":[0,0],"3":[0,0],"4":[0,0],"5":[0,0],"6":[0,0],"7":[0,0],"8":[0,0],"9":[0,0],"10":[0,0],"11":[0,0],"12":[0,0],"13":[0,0],"14":[0,0],"15":[0,0]}}
,"/Users/jamesburrow/review-hub/src/demo-store.ts": {"path":"/Users/jamesburrow/review-hub/src/demo-store.ts","statementMap":{"0":{"start":{"line":2,"column":0},"end":{"line":2,"column":null}},"1":{"start":{"line":12,"column":32},"end":{"line":93,"column":1}},"2":{"start":{"line":13,"column":31},"end":{"line":27,"column":4}},"3":{"start":{"line":29,"column":16},"end":{"line":90,"column":4}},"4":{"start":{"line":92,"column":2},"end":{"line":92,"column":15}},"5":{"start":{"line":95,"column":13},"end":{"line":114,"column":2}},"6":{"start":{"line":97,"column":4},"end":{"line":106,"column":7}},"7":{"start":{"line":98,"column":16},"end":{"line":98,"column":69}},"8":{"start":{"line":99,"column":21},"end":{"line":99,"column":34}},"9":{"start":{"line":101,"column":6},"end":{"line":105,"column":null}},"10":{"start":{"line":102,"column":8},"end":{"line":102,"column":46}},"11":{"start":{"line":104,"column":8},"end":{"line":104,"column":43}},"12":{"start":{"line":109,"column":4},"end":{"line":112,"column":7}},"13":{"start":{"line":110,"column":6},"end":{"line":110,"column":80}},"14":{"start":{"line":111,"column":6},"end":{"line":111,"column":20}},"15":{"start":{"line":117,"column":2},"end":{"line":128,"column":5}},"16":{"start":{"line":121,"column":28},"end":{"line":121,"column":64}},"17":{"start":{"line":122,"column":25},"end":{"line":127,"column":8}},"18":{"start":{"line":116,"column":0},"end":{"line":116,"column":16}}},"fnMap":{"0":{"name":"(anonymous_0)","decl":{"start":{"line":12,"column":32},"end":{"line":12,"column":56}},"loc":{"start":{"line":12,"column":58},"end":{"line":93,"column":1}}},"1":{"name":"(anonymous_1)","decl":{"start":{"line":96,"column":8},"end":{"line":96,"column":13}},"loc":{"start":{"line":96,"column":19},"end":{"line":107,"column":3}}},"2":{"name":"(anonymous_2)","decl":{"start":{"line":97,"column":23},"end":{"line":97,"column":24}},"loc":{"start":{"line":97,"column":35},"end":{"line":106,"column":5}}},"3":{"name":"(anonymous_3)","decl":{"start":{"line":108,"column":8},"end":{"line":108,"column":13}},"loc":{"start":{"line":108,"column":24},"end":{"line":113,"column":3}}},"4":{"name":"(anonymous_4)","decl":{"start":{"line":109,"column":23},"end":{"line":109,"column":24}},"loc":{"start":{"line":109,"column":35},"end":{"line":112,"column":5}}},"5":{"name":"createFakeMainStore","decl":{"start":{"line":116,"column":16},"end":{"line":116,"column":35}},"loc":{"start":{"line":116,"column":48},"end":{"line":129,"column":1}}},"6":{"name":"(anonymous_6)","decl":{"start":{"line":121,"column":14},"end":{"line":121,"column":15}},"loc":{"start":{"line":121,"column":28},"end":{"line":121,"column":64}}},"7":{"name":"(anonymous_7)","decl":{"start":{"line":122,"column":11},"end":{"line":122,"column":12}},"loc":{"start":{"line":122,"column":25},"end":{"line":127,"column":8}}}},"branchMap":{"0":{"loc":{"start":{"line":98,"column":16},"end":{"line":98,"column":59}},"type":"binary-expr","locations":[{"start":{"line":98,"column":16},"end":{"line":98,"column":59}},{"start":{"line":98,"column":63},"end":{"line":98,"column":69}}]},"1":{"loc":{"start":{"line":101,"column":6},"end":{"line":105,"column":null}},"type":"if","locations":[{"start":{"line":101,"column":6},"end":{"line":105,"column":null}},{"start":{"line":101,"column":6},"end":{"line":105,"column":null}}]}},"s":{"0":0,"1":0,"2":0,"3":0,"4":0,"5":0,"6":0,"7":0,"8":0,"9":0,"10":0,"11":0,"12":0,"13":0,"14":0,"15":0,"16":0,"17":0,"18":0},"f":{"0":0,"1":0,"2":0,"3":0,"4":0,"5":0,"6":0,"7":0},"b":{"0":[0,0],"1":[0,0]}}
,"/Users/jamesburrow/review-hub/src/events-version-control.ts": {"path":"/Users/jamesburrow/review-hub/src/events-version-control.ts","statementMap":{"0":{"start":{"line":1,"column":0},"end":{"line":1,"column":87}},"1":{"start":{"line":2,"column":0},"end":{"line":2,"column":26}},"2":{"start":{"line":52,"column":0},"end":{"line":52,"column":null}},"3":{"start":{"line":53,"column":2},"end":{"line":53,"column":null}},"4":{"start":{"line":54,"column":2},"end":{"line":54,"column":null}},"5":{"start":{"line":94,"column":30},"end":{"line":100,"column":4}},"6":{"start":{"line":102,"column":2},"end":{"line":105,"column":4}},"7":{"start":{"line":109,"column":2},"end":{"line":116,"column":4}},"8":{"start":{"line":108,"column":0},"end":{"line":108,"column":16}},"9":{"start":{"line":122,"column":2},"end":{"line":208,"column":null}},"10":{"start":{"line":124,"column":6},"end":{"line":124,"column":42}},"11":{"start":{"line":127,"column":57},"end":{"line":127,"column":59}},"12":{"start":{"line":128,"column":32},"end":{"line":128,"column":50}},"13":{"start":{"line":129,"column":6},"end":{"line":183,"column":null}},"14":{"start":{"line":130,"column":8},"end":{"line":133,"column":null}},"15":{"start":{"line":131,"column":10},"end":{"line":131,"column":85}},"16":{"start":{"line":132,"column":10},"end":{"line":132,"column":19}},"17":{"start":{"line":135,"column":22},"end":{"line":142,"column":23}},"18":{"start":{"line":144,"column":21},"end":{"line":144,"column":43}},"19":{"start":{"line":145,"column":19},"end":{"line":145,"column":28}},"20":{"start":{"line":146,"column":27},"end":{"line":146,"column":44}},"21":{"start":{"line":148,"column":8},"end":{"line":180,"column":null}},"22":{"start":{"line":150,"column":12},"end":{"line":150,"column":73}},"23":{"start":{"line":151,"column":12},"end":{"line":151,"column":68}},"24":{"start":{"line":153,"column":12},"end":{"line":153,"column":18}},"25":{"start":{"line":155,"column":12},"end":{"line":155,"column":44}},"26":{"start":{"line":156,"column":12},"end":{"line":156,"column":26}},"27":{"start":{"line":158,"column":12},"end":{"line":158,"column":18}},"28":{"start":{"line":160,"column":12},"end":{"line":160,"column":45}},"29":{"start":{"line":161,"column":12},"end":{"line":161,"column":24}},"30":{"start":{"line":163,"column":12},"end":{"line":163,"column":18}},"31":{"start":{"line":165,"column":12},"end":{"line":165,"column":44}},"32":{"start":{"line":166,"column":12},"end":{"line":166,"column":39}},"33":{"start":{"line":168,"column":12},"end":{"line":175,"column":14}},"34":{"start":{"line":177,"column":12},"end":{"line":177,"column":18}},"35":{"start":{"line":179,"column":12},"end":{"line":179,"column":33}},"36":{"start":{"line":182,"column":8},"end":{"line":182,"column":99}},"37":{"start":{"line":185,"column":20},"end":{"line":188,"column":8}},"38":{"start":{"line":190,"column":23},"end":{"line":190,"column":39}},"39":{"start":{"line":191,"column":47},"end":{"line":191,"column":49}},"40":{"start":{"line":192,"column":6},"end":{"line":192,"column":34}},"41":{"start":{"line":194,"column":6},"end":{"line":207,"column":8}},"42":{"start":{"line":121,"column":0},"end":{"line":121,"column":16}},"43":{"start":{"line":212,"column":2},"end":{"line":212,"column":48}},"44":{"start":{"line":214,"column":2},"end":{"line":216,"column":null}},"45":{"start":{"line":215,"column":4},"end":{"line":215,"column":44}},"46":{"start":{"line":218,"column":2},"end":{"line":218,"column":15}},"47":{"start":{"line":211,"column":0},"end":{"line":211,"column":16}},"48":{"start":{"line":222,"column":2},"end":{"line":222,"column":69}},"49":{"start":{"line":221,"column":0},"end":{"line":221,"column":16}}},"fnMap":{"0":{"name":"(anonymous_0)","decl":{"start":{"line":52,"column":0},"end":{"line":52,"column":12}},"loc":{"start":{"line":52,"column":27},"end":{"line":55,"column":1}}},"1":{"name":"createFileState","decl":{"start":{"line":86,"column":9},"end":{"line":86,"column":24}},"loc":{"start":{"line":92,"column":34},"end":{"line":106,"column":1}}},"2":{"name":"initialVersionControlState","decl":{"start":{"line":108,"column":16},"end":{"line":108,"column":42}},"loc":{"start":{"line":108,"column":42},"end":{"line":117,"column":1}}},"3":{"name":"versionControlReducer","decl":{"start":{"line":121,"column":16},"end":{"line":121,"column":37}},"loc":{"start":{"line":121,"column":92},"end":{"line":209,"column":1}}},"4":{"name":"reduceVersionControl","decl":{"start":{"line":211,"column":16},"end":{"line":211,"column":36}},"loc":{"start":{"line":211,"column":102},"end":{"line":219,"column":1}}},"5":{"name":"isReadonly","decl":{"start":{"line":221,"column":16},"end":{"line":221,"column":26}},"loc":{"start":{"line":221,"column":72},"end":{"line":223,"column":1}}}},"branchMap":{"0":{"loc":{"start":{"line":52,"column":12},"end":{"line":52,"column":27}},"type":"binary-expr","locations":[{"start":{"line":52,"column":12},"end":{"line":52,"column":27}},{"start":{"line":52,"column":12},"end":{"line":52,"column":null}}]},"1":{"loc":{"start":{"line":99,"column":18},"end":{"line":99,"column":30}},"type":"binary-expr","locations":[{"start":{"line":99,"column":18},"end":{"line":99,"column":30}},{"start":{"line":99,"column":34},"end":{"line":99,"column":50}}]},"2":{"loc":{"start":{"line":123,"column":4},"end":{"line":124,"column":42}},"type":"switch","locations":[{"start":{"line":123,"column":4},"end":{"line":124,"column":42}},{"start":{"line":126,"column":4},"end":{"line":207,"column":8}}]},"3":{"loc":{"start":{"line":130,"column":8},"end":{"line":133,"column":null}},"type":"if","locations":[{"start":{"line":130,"column":8},"end":{"line":133,"column":null}},{"start":{"line":130,"column":8},"end":{"line":133,"column":null}}]},"4":{"loc":{"start":{"line":135,"column":22},"end":{"line":135,"column":45}},"type":"binary-expr","locations":[{"start":{"line":135,"column":22},"end":{"line":135,"column":45}},{"start":{"line":135,"column":49},"end":{"line":142,"column":23}}]},"5":{"loc":{"start":{"line":141,"column":30},"end":{"line":141,"column":34}},"type":"cond-expr","locations":[{"start":{"line":141,"column":30},"end":{"line":141,"column":34}},{"start":{"line":141,"column":34},"end":{"line":141,"column":36}}]},"6":{"loc":{"start":{"line":141,"column":18},"end":{"line":141,"column":34}},"type":"binary-expr","locations":[{"start":{"line":141,"column":18},"end":{"line":141,"column":34}},{"start":{"line":141,"column":30},"end":{"line":141,"column":34}}]},"7":{"loc":{"start":{"line":149,"column":10},"end":{"line":153,"column":18}},"type":"switch","locations":[{"start":{"line":149,"column":10},"end":{"line":153,"column":18}},{"start":{"line":154,"column":10},"end":{"line":158,"column":18}},{"start":{"line":159,"column":10},"end":{"line":163,"column":18}},{"start":{"line":164,"column":10},"end":{"line":177,"column":18}},{"start":{"line":178,"column":10},"end":{"line":179,"column":33}}]},"8":{"loc":{"start":{"line":166,"column":19},"end":{"line":166,"column":25}},"type":"binary-expr","locations":[{"start":{"line":166,"column":19},"end":{"line":166,"column":25}},{"start":{"line":166,"column":29},"end":{"line":166,"column":38}}]},"9":{"loc":{"start":{"line":190,"column":23},"end":{"line":190,"column":31}},"type":"binary-expr","locations":[{"start":{"line":190,"column":23},"end":{"line":190,"column":31}},{"start":{"line":190,"column":35},"end":{"line":190,"column":39}}]},"10":{"loc":{"start":{"line":201,"column":38},"end":{"line":201,"column":42}},"type":"cond-expr","locations":[{"start":{"line":201,"column":38},"end":{"line":201,"column":42}},{"start":{"line":201,"column":42},"end":{"line":201,"column":73}}]},"11":{"loc":{"start":{"line":201,"column":21},"end":{"line":201,"column":42}},"type":"binary-expr","locations":[{"start":{"line":201,"column":21},"end":{"line":201,"column":42}},{"start":{"line":201,"column":38},"end":{"line":201,"column":42}}]},"12":{"loc":{"start":{"line":211,"column":98},"end":{"line":211,"column":102}},"type":"default-arg","locations":[{"start":{"line":211,"column":98},"end":{"line":211,"column":102}}]},"13":{"loc":{"start":{"line":212,"column":10},"end":{"line":212,"column":15}},"type":"binary-expr","locations":[{"start":{"line":212,"column":10},"end":{"line":212,"column":15}},{"start":{"line":212,"column":19},"end":{"line":212,"column":47}}]}},"s":{"0":4,"1":4,"2":4,"3":4,"4":4,"5":20,"6":20,"7":15,"8":4,"9":20,"10":3,"11":17,"12":17,"13":17,"14":19,"15":0,"16":0,"17":19,"18":19,"19":19,"20":19,"21":19,"22":3,"23":3,"24":3,"25":13,"26":13,"27":13,"28":2,"29":2,"30":2,"31":1,"32":1,"33":1,"34":1,"35":0,"36":19,"37":17,"38":17,"39":17,"40":17,"41":17,"42":4,"43":8,"44":8,"45":14,"46":8,"47":4,"48":2,"49":4},"f":{"0":4,"1":20,"2":15,"3":20,"4":8,"5":2},"b":{"0":[4,4],"1":[20,0],"2":[3,17],"3":[0,19],"4":[19,8],"5":[8,0],"6":[8,8],"7":[3,13,2,1,0],"8":[1,1],"9":[17,13],"10":[0,17],"11":[17,17],"12":[4],"13":[8,4]}}
,"/Users/jamesburrow/review-hub/src/import-export.ts": {"path":"/Users/jamesburrow/review-hub/src/import-export.ts","statementMap":{"0":{"start":{"line":1,"column":0},"end":{"line":1,"column":31}},"1":{"start":{"line":2,"column":0},"end":{"line":2,"column":36}},"2":{"start":{"line":3,"column":0},"end":{"line":3,"column":114}},"3":{"start":{"line":4,"column":0},"end":{"line":4,"column":66}},"4":{"start":{"line":7,"column":12},"end":{"line":7,"column":23}},"5":{"start":{"line":8,"column":2},"end":{"line":12,"column":null}},"6":{"start":{"line":9,"column":4},"end":{"line":11,"column":null}},"7":{"start":{"line":10,"column":6},"end":{"line":10,"column":35}},"8":{"start":{"line":13,"column":18},"end":{"line":13,"column":59}},"9":{"start":{"line":14,"column":2},"end":{"line":14,"column":33}},"10":{"start":{"line":6,"column":0},"end":{"line":6,"column":7}},"11":{"start":{"line":22,"column":37},"end":{"line":29,"column":6}},"12":{"start":{"line":23,"column":19},"end":{"line":23,"column":41}},"13":{"start":{"line":25,"column":6},"end":{"line":28,"column":27}},"14":{"start":{"line":30,"column":35},"end":{"line":36,"column":6}},"15":{"start":{"line":32,"column":6},"end":{"line":32,"column":91}},"16":{"start":{"line":35,"column":6},"end":{"line":35,"column":71}},"17":{"start":{"line":38,"column":2},"end":{"line":43,"column":4}},"18":{"start":{"line":17,"column":0},"end":{"line":17,"column":16}}},"fnMap":{"0":{"name":"generateZip","decl":{"start":{"line":6,"column":22},"end":{"line":6,"column":33}},"loc":{"start":{"line":6,"column":66},"end":{"line":15,"column":1}}},"1":{"name":"rebaseScripts","decl":{"start":{"line":17,"column":16},"end":{"line":17,"column":29}},"loc":{"start":{"line":20,"column":34},"end":{"line":44,"column":1}}},"2":{"name":"(anonymous_2)","decl":{"start":{"line":23,"column":12},"end":{"line":23,"column":13}},"loc":{"start":{"line":23,"column":19},"end":{"line":23,"column":41}}},"3":{"name":"(anonymous_3)","decl":{"start":{"line":24,"column":9},"end":{"line":24,"column":10}},"loc":{"start":{"line":24,"column":22},"end":{"line":29,"column":5}}},"4":{"name":"(anonymous_4)","decl":{"start":{"line":31,"column":12},"end":{"line":31,"column":13}},"loc":{"start":{"line":31,"column":30},"end":{"line":33,"column":5}}},"5":{"name":"(anonymous_5)","decl":{"start":{"line":34,"column":9},"end":{"line":34,"column":10}},"loc":{"start":{"line":34,"column":27},"end":{"line":36,"column":5}}}},"branchMap":{"0":{"loc":{"start":{"line":9,"column":4},"end":{"line":11,"column":null}},"type":"if","locations":[{"start":{"line":9,"column":4},"end":{"line":11,"column":null}},{"start":{"line":9,"column":4},"end":{"line":11,"column":null}}]},"1":{"loc":{"start":{"line":32,"column":13},"end":{"line":32,"column":48}},"type":"binary-expr","locations":[{"start":{"line":32,"column":13},"end":{"line":32,"column":48}},{"start":{"line":32,"column":52},"end":{"line":32,"column":90}}]}},"s":{"0":1,"1":1,"2":1,"3":1,"4":0,"5":0,"6":0,"7":0,"8":0,"9":0,"10":1,"11":2,"12":1,"13":1,"14":2,"15":1,"16":1,"17":2,"18":1},"f":{"0":0,"1":2,"2":1,"3":1,"4":1,"5":1},"b":{"0":[0,0],"1":[1,0]}}
,"/Users/jamesburrow/review-hub/src/index.ts": {"path":"/Users/jamesburrow/review-hub/src/index.ts","statementMap":{"0":{"start":{"line":1,"column":0},"end":{"line":1,"column":9}},"1":{"start":{"line":8,"column":2},"end":{"line":1,"column":49}},"2":{"start":{"line":2,"column":0},"end":{"line":2,"column":9}},"3":{"start":{"line":11,"column":2},"end":{"line":2,"column":37}},"4":{"start":{"line":12,"column":2},"end":{"line":2,"column":114}},"5":{"start":{"line":3,"column":0},"end":{"line":3,"column":9}},"6":{"start":{"line":16,"column":2},"end":{"line":3,"column":24}},"7":{"start":{"line":17,"column":2},"end":{"line":3,"column":61}},"8":{"start":{"line":4,"column":0},"end":{"line":4,"column":20}},"9":{"start":{"line":19,"column":2},"end":{"line":4,"column":70}}},"fnMap":{"0":{"name":"(anonymous_0)","decl":{"start":{"line":8,"column":2},"end":{"line":8,"column":5}},"loc":{"start":{"line":8,"column":2},"end":{"line":1,"column":49}}},"1":{"name":"(anonymous_1)","decl":{"start":{"line":11,"column":2},"end":{"line":11,"column":28}},"loc":{"start":{"line":11,"column":2},"end":{"line":2,"column":37}}},"2":{"name":"(anonymous_2)","decl":{"start":{"line":12,"column":2},"end":{"line":12,"column":23}},"loc":{"start":{"line":12,"column":2},"end":{"line":2,"column":114}}},"3":{"name":"(anonymous_3)","decl":{"start":{"line":16,"column":2},"end":{"line":16,"column":15}},"loc":{"start":{"line":16,"column":2},"end":{"line":3,"column":24}}},"4":{"name":"(anonymous_4)","decl":{"start":{"line":17,"column":2},"end":{"line":17,"column":13}},"loc":{"start":{"line":17,"column":2},"end":{"line":3,"column":61}}},"5":{"name":"(anonymous_5)","decl":{"start":{"line":19,"column":2},"end":{"line":19,"column":17}},"loc":{"start":{"line":19,"column":2},"end":{"line":4,"column":70}}}},"branchMap":{},"s":{"0":0,"1":0,"2":0,"3":0,"4":0,"5":0,"6":0,"7":0,"8":0,"9":0},"f":{"0":0,"1":0,"2":0,"3":0,"4":0,"5":0},"b":{}}
,"/Users/jamesburrow/review-hub/src/interaction-store.ts": {"path":"/Users/jamesburrow/review-hub/src/interaction-store.ts","statementMap":{"0":{"start":{"line":38,"column":34},"end":{"line":53,"column":1}},"1":{"start":{"line":39,"column":2},"end":{"line":51,"column":null}},"2":{"start":{"line":41,"column":6},"end":{"line":41,"column":51}},"3":{"start":{"line":44,"column":6},"end":{"line":44,"column":60}},"4":{"start":{"line":47,"column":6},"end":{"line":50,"column":8}},"5":{"start":{"line":52,"column":2},"end":{"line":52,"column":15}},"6":{"start":{"line":38,"column":13},"end":{"line":38,"column":34}}},"fnMap":{"0":{"name":"(anonymous_0)","decl":{"start":{"line":38,"column":34},"end":{"line":38,"column":35}},"loc":{"start":{"line":38,"column":111},"end":{"line":53,"column":1}}}},"branchMap":{"0":{"loc":{"start":{"line":40,"column":4},"end":{"line":41,"column":51}},"type":"switch","locations":[{"start":{"line":40,"column":4},"end":{"line":41,"column":51}},{"start":{"line":43,"column":4},"end":{"line":44,"column":60}},{"start":{"line":46,"column":4},"end":{"line":50,"column":8}}]}},"s":{"0":3,"1":5,"2":0,"3":1,"4":4,"5":0,"6":3},"f":{"0":5},"b":{"0":[0,1,4]}}
,"/Users/jamesburrow/review-hub/src/main.tsx": {"path":"/Users/jamesburrow/review-hub/src/main.tsx","statementMap":{"0":{"start":{"line":1,"column":0},"end":{"line":1,"column":46}},"1":{"start":{"line":2,"column":0},"end":{"line":2,"column":31}},"2":{"start":{"line":3,"column":0},"end":{"line":3,"column":35}},"3":{"start":{"line":4,"column":0},"end":{"line":4,"column":42}},"4":{"start":{"line":5,"column":0},"end":{"line":5,"column":40}},"5":{"start":{"line":7,"column":0},"end":{"line":7,"column":28}},"6":{"start":{"line":8,"column":0},"end":{"line":8,"column":62}},"7":{"start":{"line":9,"column":0},"end":{"line":9,"column":46}},"8":{"start":{"line":10,"column":0},"end":{"line":10,"column":21}},"9":{"start":{"line":11,"column":0},"end":{"line":11,"column":51}},"10":{"start":{"line":13,"column":0},"end":{"line":13,"column":69}},"11":{"start":{"line":13,"column":25},"end":{"line":13,"column":67}},"12":{"start":{"line":14,"column":20},"end":{"line":14,"column":34}},"13":{"start":{"line":16,"column":16},"end":{"line":69,"column":1}},"14":{"start":{"line":17,"column":28},"end":{"line":20,"column":4}},"15":{"start":{"line":22,"column":2},"end":{"line":31,"column":9}},"16":{"start":{"line":23,"column":19},"end":{"line":28,"column":5}},"17":{"start":{"line":24,"column":22},"end":{"line":24,"column":44}},"18":{"start":{"line":25,"column":24},"end":{"line":25,"column":58}},"19":{"start":{"line":27,"column":6},"end":{"line":27,"column":53}},"20":{"start":{"line":30,"column":4},"end":{"line":30,"column":13}},"21":{"start":{"line":33,"column":2},"end":{"line":68,"column":4}},"22":{"start":{"line":42,"column":12},"end":{"line":45,"column":15}},"23":{"start":{"line":51,"column":12},"end":{"line":51,"column":92}},"24":{"start":{"line":57,"column":12},"end":{"line":57,"column":72}},"25":{"start":{"line":63,"column":12},"end":{"line":63,"column":42}},"26":{"start":{"line":71,"column":0},"end":{"line":71,"column":53}}},"fnMap":{"0":{"name":"(anonymous_0)","decl":{"start":{"line":13,"column":19},"end":{"line":13,"column":22}},"loc":{"start":{"line":13,"column":25},"end":{"line":13,"column":67}}},"1":{"name":"(anonymous_1)","decl":{"start":{"line":16,"column":16},"end":{"line":16,"column":19}},"loc":{"start":{"line":16,"column":21},"end":{"line":69,"column":1}}},"2":{"name":"(anonymous_2)","decl":{"start":{"line":22,"column":18},"end":{"line":22,"column":21}},"loc":{"start":{"line":22,"column":23},"end":{"line":31,"column":3}}},"3":{"name":"(anonymous_3)","decl":{"start":{"line":23,"column":19},"end":{"line":23,"column":24}},"loc":{"start":{"line":23,"column":30},"end":{"line":28,"column":5}}},"4":{"name":"(anonymous_4)","decl":{"start":{"line":41,"column":23},"end":{"line":41,"column":24}},"loc":{"start":{"line":41,"column":43},"end":{"line":46,"column":11}}},"5":{"name":"(anonymous_5)","decl":{"start":{"line":50,"column":23},"end":{"line":50,"column":24}},"loc":{"start":{"line":50,"column":43},"end":{"line":52,"column":11}}},"6":{"name":"(anonymous_6)","decl":{"start":{"line":56,"column":23},"end":{"line":56,"column":28}},"loc":{"start":{"line":56,"column":42},"end":{"line":58,"column":11}}},"7":{"name":"(anonymous_7)","decl":{"start":{"line":62,"column":23},"end":{"line":62,"column":24}},"loc":{"start":{"line":62,"column":43},"end":{"line":64,"column":11}}}},"branchMap":{},"s":{"0":0,"1":0,"2":0,"3":0,"4":0,"5":0,"6":0,"7":0,"8":0,"9":0,"10":0,"11":0,"12":0,"13":0,"14":0,"15":0,"16":0,"17":0,"18":0,"19":0,"20":0,"21":0,"22":0,"23":0,"24":0,"25":0,"26":0},"f":{"0":0,"1":0,"2":0,"3":0,"4":0,"5":0,"6":0,"7":0},"b":{}}
,"/Users/jamesburrow/review-hub/src/store.ts": {"path":"/Users/jamesburrow/review-hub/src/store.ts","statementMap":{"0":{"start":{"line":1,"column":0},"end":{"line":1,"column":null}},"1":{"start":{"line":9,"column":0},"end":{"line":9,"column":113}},"2":{"start":{"line":29,"column":0},"end":{"line":29,"column":null}},"3":{"start":{"line":30,"column":2},"end":{"line":30,"column":null}},"4":{"start":{"line":31,"column":2},"end":{"line":31,"column":null}},"5":{"start":{"line":32,"column":2},"end":{"line":32,"column":null}},"6":{"start":{"line":44,"column":13},"end":{"line":49,"column":2}},"7":{"start":{"line":51,"column":26},"end":{"line":169,"column":1}},"8":{"start":{"line":52,"column":2},"end":{"line":52,"column":38}},"9":{"start":{"line":53,"column":2},"end":{"line":167,"column":null}},"10":{"start":{"line":57,"column":31},"end":{"line":57,"column":80}},"11":{"start":{"line":58,"column":6},"end":{"line":63,"column":8}},"12":{"start":{"line":65,"column":6},"end":{"line":70,"column":8}},"13":{"start":{"line":73,"column":6},"end":{"line":166,"column":null}},"14":{"start":{"line":76,"column":12},"end":{"line":76,"column":96}},"15":{"start":{"line":78,"column":19},"end":{"line":87,"column":null}},"16":{"start":{"line":90,"column":10},"end":{"line":95,"column":null}},"17":{"start":{"line":91,"column":12},"end":{"line":94,"column":15}},"18":{"start":{"line":97,"column":10},"end":{"line":97,"column":20}},"19":{"start":{"line":99,"column":29},"end":{"line":99,"column":77}},"20":{"start":{"line":100,"column":33},"end":{"line":100,"column":55}},"21":{"start":{"line":102,"column":10},"end":{"line":102,"column":39}},"22":{"start":{"line":105,"column":10},"end":{"line":114,"column":null}},"23":{"start":{"line":106,"column":27},"end":{"line":106,"column":111}},"24":{"start":{"line":106,"column":54},"end":{"line":106,"column":110}},"25":{"start":{"line":108,"column":12},"end":{"line":110,"column":null}},"26":{"start":{"line":109,"column":14},"end":{"line":109,"column":51}},"27":{"start":{"line":111,"column":12},"end":{"line":113,"column":null}},"28":{"start":{"line":111,"column":43},"end":{"line":111,"column":96}},"29":{"start":{"line":112,"column":14},"end":{"line":112,"column":37}},"30":{"start":{"line":116,"column":26},"end":{"line":116,"column":69}},"31":{"start":{"line":118,"column":21},"end":{"line":121,"column":12}},"32":{"start":{"line":123,"column":10},"end":{"line":156,"column":null}},"33":{"start":{"line":128,"column":26},"end":{"line":128,"column":101}},"34":{"start":{"line":130,"column":45},"end":{"line":130,"column":49}},"35":{"start":{"line":132,"column":12},"end":{"line":141,"column":null}},"36":{"start":{"line":133,"column":14},"end":{"line":140,"column":16}},"37":{"start":{"line":143,"column":12},"end":{"line":150,"column":null}},"38":{"start":{"line":144,"column":31},"end":{"line":144,"column":91}},"39":{"start":{"line":145,"column":14},"end":{"line":149,"column":16}},"40":{"start":{"line":152,"column":12},"end":{"line":155,"column":15}},"41":{"start":{"line":162,"column":10},"end":{"line":165,"column":12}},"42":{"start":{"line":168,"column":2},"end":{"line":168,"column":15}},"43":{"start":{"line":51,"column":13},"end":{"line":51,"column":26}},"44":{"start":{"line":172,"column":2},"end":{"line":181,"column":null}},"45":{"start":{"line":174,"column":6},"end":{"line":174,"column":46}},"46":{"start":{"line":177,"column":6},"end":{"line":177,"column":78}},"47":{"start":{"line":180,"column":6},"end":{"line":180,"column":44}},"48":{"start":{"line":171,"column":0},"end":{"line":171,"column":16}},"49":{"start":{"line":184,"column":0},"end":{"line":184,"column":16}}},"fnMap":{"0":{"name":"(anonymous_0)","decl":{"start":{"line":29,"column":0},"end":{"line":29,"column":12}},"loc":{"start":{"line":29,"column":35},"end":{"line":33,"column":1}}},"1":{"name":"(anonymous_1)","decl":{"start":{"line":51,"column":26},"end":{"line":51,"column":27}},"loc":{"start":{"line":51,"column":74},"end":{"line":169,"column":1}}},"2":{"name":"(anonymous_2)","decl":{"start":{"line":106,"column":47},"end":{"line":106,"column":48}},"loc":{"start":{"line":106,"column":54},"end":{"line":106,"column":110}}},"3":{"name":"(anonymous_3)","decl":{"start":{"line":111,"column":36},"end":{"line":111,"column":37}},"loc":{"start":{"line":111,"column":43},"end":{"line":111,"column":96}}},"4":{"name":"getFile","decl":{"start":{"line":171,"column":16},"end":{"line":171,"column":23}},"loc":{"start":{"line":171,"column":93},"end":{"line":182,"column":1}}},"5":{"name":"refreshSelectedView","decl":{"start":{"line":184,"column":16},"end":{"line":184,"column":35}},"loc":{"start":{"line":184,"column":51},"end":{"line":184,"column":55}}}},"branchMap":{"0":{"loc":{"start":{"line":29,"column":12},"end":{"line":29,"column":35}},"type":"binary-expr","locations":[{"start":{"line":29,"column":12},"end":{"line":29,"column":35}},{"start":{"line":29,"column":12},"end":{"line":29,"column":null}}]},"1":{"loc":{"start":{"line":54,"column":4},"end":{"line":54,"column":24}},"type":"switch","locations":[{"start":{"line":54,"column":4},"end":{"line":54,"column":24}},{"start":{"line":55,"column":4},"end":{"line":55,"column":24}},{"start":{"line":56,"column":4},"end":{"line":63,"column":8}},{"start":{"line":64,"column":4},"end":{"line":70,"column":8}},{"start":{"line":71,"column":4},"end":{"line":71,"column":18}},{"start":{"line":72,"column":4},"end":{"line":166,"column":null}}]},"2":{"loc":{"start":{"line":62,"column":10},"end":{"line":62,"column":43}},"type":"binary-expr","locations":[{"start":{"line":62,"column":10},"end":{"line":62,"column":43}},{"start":{"line":62,"column":47},"end":{"line":62,"column":110}}]},"3":{"loc":{"start":{"line":67,"column":30},"end":{"line":67,"column":34}},"type":"cond-expr","locations":[{"start":{"line":67,"column":30},"end":{"line":67,"column":34}},{"start":{"line":67,"column":34},"end":{"line":67,"column":47}}]},"4":{"loc":{"start":{"line":67,"column":15},"end":{"line":67,"column":34}},"type":"binary-expr","locations":[{"start":{"line":67,"column":15},"end":{"line":67,"column":34}},{"start":{"line":67,"column":30},"end":{"line":67,"column":34}}]},"5":{"loc":{"start":{"line":68,"column":34},"end":{"line":68,"column":38}},"type":"cond-expr","locations":[{"start":{"line":68,"column":34},"end":{"line":68,"column":38}},{"start":{"line":68,"column":38},"end":{"line":68,"column":53}}]},"6":{"loc":{"start":{"line":68,"column":17},"end":{"line":68,"column":38}},"type":"binary-expr","locations":[{"start":{"line":68,"column":17},"end":{"line":68,"column":38}},{"start":{"line":68,"column":34},"end":{"line":68,"column":38}}]},"7":{"loc":{"start":{"line":74,"column":8},"end":{"line":97,"column":20}},"type":"switch","locations":[{"start":{"line":74,"column":8},"end":{"line":97,"column":20}},{"start":{"line":98,"column":8},"end":{"line":165,"column":12}}]},"8":{"loc":{"start":{"line":76,"column":84},"end":{"line":76,"column":88}},"type":"cond-expr","locations":[{"start":{"line":76,"column":84},"end":{"line":76,"column":88}},{"start":{"line":76,"column":91},"end":{"line":76,"column":96}}]},"9":{"loc":{"start":{"line":76,"column":12},"end":{"line":76,"column":51}},"type":"binary-expr","locations":[{"start":{"line":76,"column":12},"end":{"line":76,"column":51}},{"start":{"line":76,"column":55},"end":{"line":76,"column":81}}]},"10":{"loc":{"start":{"line":90,"column":10},"end":{"line":95,"column":null}},"type":"if","locations":[{"start":{"line":90,"column":10},"end":{"line":95,"column":null}},{"start":{"line":90,"column":10},"end":{"line":95,"column":null}}]},"11":{"loc":{"start":{"line":99,"column":67},"end":{"line":99,"column":69}},"type":"cond-expr","locations":[{"start":{"line":99,"column":67},"end":{"line":99,"column":69}},{"start":{"line":99,"column":67},"end":{"line":99,"column":77}}]},"12":{"loc":{"start":{"line":99,"column":29},"end":{"line":99,"column":69}},"type":"binary-expr","locations":[{"start":{"line":99,"column":29},"end":{"line":99,"column":69}},{"start":{"line":99,"column":67},"end":{"line":99,"column":69}}]},"13":{"loc":{"start":{"line":105,"column":10},"end":{"line":114,"column":null}},"type":"if","locations":[{"start":{"line":105,"column":10},"end":{"line":114,"column":null}},{"start":{"line":105,"column":10},"end":{"line":114,"column":null}}]},"14":{"loc":{"start":{"line":106,"column":54},"end":{"line":106,"column":73}},"type":"binary-expr","locations":[{"start":{"line":106,"column":54},"end":{"line":106,"column":73}},{"start":{"line":106,"column":77},"end":{"line":106,"column":110}}]},"15":{"loc":{"start":{"line":108,"column":12},"end":{"line":110,"column":null}},"type":"if","locations":[{"start":{"line":108,"column":12},"end":{"line":110,"column":null}},{"start":{"line":108,"column":12},"end":{"line":110,"column":null}}]},"16":{"loc":{"start":{"line":108,"column":16},"end":{"line":108,"column":33}},"type":"binary-expr","locations":[{"start":{"line":108,"column":16},"end":{"line":108,"column":33}},{"start":{"line":108,"column":37},"end":{"line":108,"column":63}}]},"17":{"loc":{"start":{"line":111,"column":12},"end":{"line":113,"column":null}},"type":"if","locations":[{"start":{"line":111,"column":12},"end":{"line":113,"column":null}},{"start":{"line":111,"column":12},"end":{"line":113,"column":null}}]},"18":{"loc":{"start":{"line":111,"column":43},"end":{"line":111,"column":62}},"type":"binary-expr","locations":[{"start":{"line":111,"column":43},"end":{"line":111,"column":62}},{"start":{"line":111,"column":66},"end":{"line":111,"column":96}}]},"19":{"loc":{"start":{"line":123,"column":10},"end":{"line":156,"column":null}},"type":"if","locations":[{"start":{"line":123,"column":10},"end":{"line":156,"column":null}},{"start":{"line":123,"column":10},"end":{"line":156,"column":null}}]},"20":{"loc":{"start":{"line":124,"column":12},"end":{"line":124,"column":48}},"type":"binary-expr","locations":[{"start":{"line":124,"column":12},"end":{"line":124,"column":48}},{"start":{"line":125,"column":12},"end":{"line":125,"column":77}},{"start":{"line":126,"column":12},"end":{"line":126,"column":null}}]},"21":{"loc":{"start":{"line":124,"column":34},"end":{"line":124,"column":36}},"type":"cond-expr","locations":[{"start":{"line":124,"column":34},"end":{"line":124,"column":36}},{"start":{"line":124,"column":34},"end":{"line":124,"column":48}}]},"22":{"loc":{"start":{"line":124,"column":12},"end":{"line":124,"column":36}},"type":"binary-expr","locations":[{"start":{"line":124,"column":12},"end":{"line":124,"column":36}},{"start":{"line":124,"column":34},"end":{"line":124,"column":36}}]},"23":{"loc":{"start":{"line":125,"column":34},"end":{"line":125,"column":36}},"type":"cond-expr","locations":[{"start":{"line":125,"column":34},"end":{"line":125,"column":36}},{"start":{"line":125,"column":34},"end":{"line":125,"column":57}}]},"24":{"loc":{"start":{"line":125,"column":12},"end":{"line":125,"column":36}},"type":"binary-expr","locations":[{"start":{"line":125,"column":12},"end":{"line":125,"column":36}},{"start":{"line":125,"column":34},"end":{"line":125,"column":36}}]},"25":{"loc":{"start":{"line":126,"column":35},"end":{"line":126,"column":37}},"type":"cond-expr","locations":[{"start":{"line":126,"column":35},"end":{"line":126,"column":37}},{"start":{"line":126,"column":35},"end":{"line":126,"column":58}}]},"26":{"loc":{"start":{"line":126,"column":12},"end":{"line":126,"column":37}},"type":"binary-expr","locations":[{"start":{"line":126,"column":12},"end":{"line":126,"column":37}},{"start":{"line":126,"column":35},"end":{"line":126,"column":37}}]},"27":{"loc":{"start":{"line":132,"column":12},"end":{"line":141,"column":null}},"type":"if","locations":[{"start":{"line":132,"column":12},"end":{"line":141,"column":null}},{"start":{"line":132,"column":12},"end":{"line":141,"column":null}}]},"28":{"loc":{"start":{"line":136,"column":26},"end":{"line":136,"column":31}},"type":"binary-expr","locations":[{"start":{"line":136,"column":26},"end":{"line":136,"column":31}},{"start":{"line":136,"column":35},"end":{"line":136,"column":76}}]},"29":{"loc":{"start":{"line":143,"column":12},"end":{"line":150,"column":null}},"type":"if","locations":[{"start":{"line":143,"column":12},"end":{"line":150,"column":null}},{"start":{"line":143,"column":12},"end":{"line":150,"column":null}}]},"30":{"loc":{"start":{"line":143,"column":16},"end":{"line":143,"column":28}},"type":"binary-expr","locations":[{"start":{"line":143,"column":16},"end":{"line":143,"column":28}},{"start":{"line":143,"column":32},"end":{"line":143,"column":59}}]},"31":{"loc":{"start":{"line":173,"column":4},"end":{"line":174,"column":46}},"type":"switch","locations":[{"start":{"line":173,"column":4},"end":{"line":174,"column":46}},{"start":{"line":176,"column":4},"end":{"line":177,"column":78}},{"start":{"line":179,"column":4},"end":{"line":180,"column":44}}]},"32":{"loc":{"start":{"line":174,"column":28},"end":{"line":174,"column":30}},"type":"cond-expr","locations":[{"start":{"line":174,"column":28},"end":{"line":174,"column":30}},{"start":{"line":174,"column":28},"end":{"line":174,"column":46}}]},"33":{"loc":{"start":{"line":174,"column":6},"end":{"line":174,"column":30}},"type":"binary-expr","locations":[{"start":{"line":174,"column":6},"end":{"line":174,"column":30}},{"start":{"line":174,"column":28},"end":{"line":174,"column":30}}]},"34":{"loc":{"start":{"line":177,"column":13},"end":{"line":177,"column":47}},"type":"binary-expr","locations":[{"start":{"line":177,"column":13},"end":{"line":177,"column":47}},{"start":{"line":177,"column":42},"end":{"line":177,"column":77}}]},"35":{"loc":{"start":{"line":177,"column":26},"end":{"line":177,"column":28}},"type":"cond-expr","locations":[{"start":{"line":177,"column":26},"end":{"line":177,"column":28}},{"start":{"line":177,"column":26},"end":{"line":177,"column":47}}]},"36":{"loc":{"start":{"line":177,"column":13},"end":{"line":177,"column":28}},"type":"binary-expr","locations":[{"start":{"line":177,"column":13},"end":{"line":177,"column":28}},{"start":{"line":177,"column":26},"end":{"line":177,"column":28}}]},"37":{"loc":{"start":{"line":177,"column":60},"end":{"line":177,"column":62}},"type":"cond-expr","locations":[{"start":{"line":177,"column":60},"end":{"line":177,"column":62}},{"start":{"line":177,"column":60},"end":{"line":177,"column":77}}]},"38":{"loc":{"start":{"line":177,"column":42},"end":{"line":177,"column":62}},"type":"binary-expr","locations":[{"start":{"line":177,"column":42},"end":{"line":177,"column":62}},{"start":{"line":177,"column":60},"end":{"line":177,"column":62}}]},"39":{"loc":{"start":{"line":180,"column":26},"end":{"line":180,"column":28}},"type":"cond-expr","locations":[{"start":{"line":180,"column":26},"end":{"line":180,"column":28}},{"start":{"line":180,"column":26},"end":{"line":180,"column":44}}]},"40":{"loc":{"start":{"line":180,"column":6},"end":{"line":180,"column":28}},"type":"binary-expr","locations":[{"start":{"line":180,"column":6},"end":{"line":180,"column":28}},{"start":{"line":180,"column":26},"end":{"line":180,"column":28}}]}},"s":{"0":3,"1":3,"2":3,"3":3,"4":3,"5":3,"6":3,"7":3,"8":7,"9":7,"10":1,"11":1,"12":0,"13":6,"14":2,"15":2,"16":2,"17":0,"18":2,"19":4,"20":4,"21":4,"22":4,"23":2,"24":2,"25":2,"26":1,"27":2,"28":2,"29":0,"30":4,"31":4,"32":4,"33":2,"34":2,"35":2,"36":2,"37":2,"38":0,"39":0,"40":2,"41":4,"42":0,"43":3,"44":2,"45":0,"46":2,"47":0,"48":3,"49":3},"f":{"0":3,"1":7,"2":2,"3":2,"4":2,"5":0},"b":{"0":[3,3],"1":[0,1,1,0,4,6],"2":[1,0],"3":[0,0],"4":[0,0],"5":[0,0],"6":[0,0],"7":[2,4],"8":[0,2],"9":[2,0],"10":[0,2],"11":[1,3],"12":[4,4],"13":[2,2],"14":[2,1],"15":[1,1],"16":[2,1],"17":[0,2],"18":[2,1],"19":[2,2],"20":[4,3,2],"21":[0,4],"22":[4,4],"23":[0,3],"24":[3,3],"25":[0,2],"26":[2,2],"27":[2,0],"28":[2,2],"29":[0,2],"30":[2,2],"31":[0,2,0],"32":[0,0],"33":[0,0],"34":[2,1],"35":[0,2],"36":[2,2],"37":[0,1],"38":[1,1],"39":[0,0],"40":[0,0]}}
,"/Users/jamesburrow/review-hub/src/styles.ts": {"path":"/Users/jamesburrow/review-hub/src/styles.ts","statementMap":{"0":{"start":{"line":1,"column":0},"end":{"line":1,"column":49}},"1":{"start":{"line":3,"column":27},"end":{"line":3,"column":33}},"2":{"start":{"line":5,"column":15},"end":{"line":5,"column":47}},"3":{"start":{"line":6,"column":13},"end":{"line":46,"column":3}},"4":{"start":{"line":48,"column":13},"end":{"line":51,"column":3}}},"fnMap":{},"branchMap":{},"s":{"0":0,"1":0,"2":0,"3":0,"4":0},"f":{},"b":{}}
,"/Users/jamesburrow/review-hub/src/dialogs/confirm.tsx": {"path":"/Users/jamesburrow/review-hub/src/dialogs/confirm.tsx","statementMap":{"0":{"start":{"line":1,"column":0},"end":{"line":1,"column":97}},"1":{"start":{"line":2,"column":0},"end":{"line":2,"column":31}},"2":{"start":{"line":3,"column":0},"end":{"line":3,"column":38}},"3":{"start":{"line":4,"column":0},"end":{"line":4,"column":56}},"4":{"start":{"line":5,"column":0},"end":{"line":5,"column":46}},"5":{"start":{"line":7,"column":13},"end":{"line":37,"column":2}},"6":{"start":{"line":16,"column":4},"end":{"line":35,"column":6}},"7":{"start":{"line":19,"column":10},"end":{"line":19,"column":31}},"8":{"start":{"line":27,"column":33},"end":{"line":27,"column":53}},"9":{"start":{"line":30,"column":33},"end":{"line":30,"column":52}}},"fnMap":{"0":{"name":"(anonymous_0)","decl":{"start":{"line":8,"column":2},"end":{"line":8,"column":null}},"loc":{"start":{"line":15,"column":6},"end":{"line":36,"column":3}}},"1":{"name":"(anonymous_1)","decl":{"start":{"line":18,"column":17},"end":{"line":18,"column":18}},"loc":{"start":{"line":18,"column":23},"end":{"line":20,"column":9}}},"2":{"name":"(anonymous_2)","decl":{"start":{"line":27,"column":27},"end":{"line":27,"column":30}},"loc":{"start":{"line":27,"column":33},"end":{"line":27,"column":53}}},"3":{"name":"(anonymous_3)","decl":{"start":{"line":30,"column":27},"end":{"line":30,"column":30}},"loc":{"start":{"line":30,"column":33},"end":{"line":30,"column":52}}}},"branchMap":{},"s":{"0":0,"1":0,"2":0,"3":0,"4":0,"5":0,"6":0,"7":0,"8":0,"9":0},"f":{"0":0,"1":0,"2":0,"3":0},"b":{}}
,"/Users/jamesburrow/review-hub/src/dialogs/rename.tsx": {"path":"/Users/jamesburrow/review-hub/src/dialogs/rename.tsx","statementMap":{"0":{"start":{"line":1,"column":0},"end":{"line":1,"column":108}},"1":{"start":{"line":2,"column":0},"end":{"line":2,"column":31}},"2":{"start":{"line":3,"column":0},"end":{"line":3,"column":38}},"3":{"start":{"line":4,"column":0},"end":{"line":4,"column":56}},"4":{"start":{"line":5,"column":0},"end":{"line":5,"column":46}},"5":{"start":{"line":7,"column":13},"end":{"line":49,"column":2}},"6":{"start":{"line":15,"column":42},"end":{"line":15,"column":80}},"7":{"start":{"line":16,"column":4},"end":{"line":47,"column":6}},"8":{"start":{"line":19,"column":10},"end":{"line":19,"column":55}},"9":{"start":{"line":28,"column":14},"end":{"line":28,"column":45}},"10":{"start":{"line":34,"column":33},"end":{"line":34,"column":78}},"11":{"start":{"line":38,"column":27},"end":{"line":38,"column":71}}},"fnMap":{"0":{"name":"(anonymous_0)","decl":{"start":{"line":8,"column":2},"end":{"line":8,"column":null}},"loc":{"start":{"line":14,"column":6},"end":{"line":48,"column":3}}},"1":{"name":"(anonymous_1)","decl":{"start":{"line":18,"column":17},"end":{"line":18,"column":18}},"loc":{"start":{"line":18,"column":23},"end":{"line":20,"column":9}}},"2":{"name":"(anonymous_2)","decl":{"start":{"line":27,"column":22},"end":{"line":27,"column":23}},"loc":{"start":{"line":27,"column":28},"end":{"line":29,"column":13}}},"3":{"name":"(anonymous_3)","decl":{"start":{"line":34,"column":27},"end":{"line":34,"column":30}},"loc":{"start":{"line":34,"column":33},"end":{"line":34,"column":78}}},"4":{"name":"(anonymous_4)","decl":{"start":{"line":38,"column":21},"end":{"line":38,"column":24}},"loc":{"start":{"line":38,"column":27},"end":{"line":38,"column":71}}}},"branchMap":{},"s":{"0":0,"1":0,"2":0,"3":0,"4":0,"5":0,"6":0,"7":0,"8":0,"9":0,"10":0,"11":0},"f":{"0":0,"1":0,"2":0,"3":0,"4":0},"b":{}}
,"/Users/jamesburrow/review-hub/src/dialogs/text-input.tsx": {"path":"/Users/jamesburrow/review-hub/src/dialogs/text-input.tsx","statementMap":{"0":{"start":{"line":1,"column":0},"end":{"line":1,"column":108}},"1":{"start":{"line":2,"column":0},"end":{"line":2,"column":31}},"2":{"start":{"line":3,"column":0},"end":{"line":3,"column":38}},"3":{"start":{"line":4,"column":0},"end":{"line":4,"column":56}},"4":{"start":{"line":5,"column":0},"end":{"line":5,"column":46}},"5":{"start":{"line":7,"column":13},"end":{"line":42,"column":2}},"6":{"start":{"line":15,"column":28},"end":{"line":15,"column":54}},"7":{"start":{"line":16,"column":20},"end":{"line":19,"column":5}},"8":{"start":{"line":17,"column":6},"end":{"line":17,"column":39}},"9":{"start":{"line":18,"column":6},"end":{"line":18,"column":18}},"10":{"start":{"line":20,"column":4},"end":{"line":40,"column":6}},"11":{"start":{"line":21,"column":30},"end":{"line":21,"column":44}},"12":{"start":{"line":26,"column":14},"end":{"line":26,"column":38}},"13":{"start":{"line":32,"column":33},"end":{"line":32,"column":47}},"14":{"start":{"line":35,"column":33},"end":{"line":35,"column":46}}},"fnMap":{"0":{"name":"(anonymous_0)","decl":{"start":{"line":8,"column":2},"end":{"line":8,"column":null}},"loc":{"start":{"line":14,"column":6},"end":{"line":41,"column":3}}},"1":{"name":"(anonymous_1)","decl":{"start":{"line":16,"column":20},"end":{"line":16,"column":21}},"loc":{"start":{"line":16,"column":32},"end":{"line":19,"column":5}}},"2":{"name":"(anonymous_2)","decl":{"start":{"line":21,"column":23},"end":{"line":21,"column":24}},"loc":{"start":{"line":21,"column":30},"end":{"line":21,"column":44}}},"3":{"name":"(anonymous_3)","decl":{"start":{"line":25,"column":22},"end":{"line":25,"column":23}},"loc":{"start":{"line":25,"column":28},"end":{"line":27,"column":13}}},"4":{"name":"(anonymous_4)","decl":{"start":{"line":32,"column":27},"end":{"line":32,"column":30}},"loc":{"start":{"line":32,"column":33},"end":{"line":32,"column":47}}},"5":{"name":"(anonymous_5)","decl":{"start":{"line":35,"column":27},"end":{"line":35,"column":30}},"loc":{"start":{"line":35,"column":33},"end":{"line":35,"column":46}}}},"branchMap":{},"s":{"0":0,"1":0,"2":0,"3":0,"4":0,"5":0,"6":0,"7":0,"8":0,"9":0,"10":0,"11":0,"12":0,"13":0,"14":0},"f":{"0":0,"1":0,"2":0,"3":0,"4":0,"5":0},"b":{}}
,"/Users/jamesburrow/review-hub/src/panels/editor.tsx": {"path":"/Users/jamesburrow/review-hub/src/panels/editor.tsx","statementMap":{"0":{"start":{"line":1,"column":0},"end":{"line":1,"column":68}},"1":{"start":{"line":2,"column":0},"end":{"line":2,"column":87}},"2":{"start":{"line":3,"column":0},"end":{"line":3,"column":31}},"3":{"start":{"line":4,"column":0},"end":{"line":4,"column":61}},"4":{"start":{"line":6,"column":0},"end":{"line":6,"column":49}},"5":{"start":{"line":7,"column":0},"end":{"line":7,"column":49}},"6":{"start":{"line":8,"column":0},"end":{"line":8,"column":51}},"7":{"start":{"line":9,"column":0},"end":{"line":9,"column":51}},"8":{"start":{"line":11,"column":22},"end":{"line":233,"column":1}},"9":{"start":{"line":12,"column":26},"end":{"line":12,"column":54}},"10":{"start":{"line":13,"column":20},"end":{"line":13,"column":45}},"11":{"start":{"line":14,"column":34},"end":{"line":14,"column":76}},"12":{"start":{"line":15,"column":44},"end":{"line":15,"column":79}},"13":{"start":{"line":17,"column":2},"end":{"line":22,"column":19}},"14":{"start":{"line":18,"column":4},"end":{"line":21,"column":null}},"15":{"start":{"line":19,"column":6},"end":{"line":19,"column":31}},"16":{"start":{"line":20,"column":6},"end":{"line":20,"column":22}},"17":{"start":{"line":24,"column":2},"end":{"line":36,"column":34}},"18":{"start":{"line":25,"column":4},"end":{"line":25,"column":67}},"19":{"start":{"line":26,"column":4},"end":{"line":35,"column":null}},"20":{"start":{"line":27,"column":6},"end":{"line":34,"column":8}},"21":{"start":{"line":39,"column":4},"end":{"line":39,"column":17}},"22":{"start":{"line":41,"column":15},"end":{"line":41,"column":78}},"23":{"start":{"line":42,"column":4},"end":{"line":42,"column":25}},"24":{"start":{"line":45,"column":50},"end":{"line":45,"column":80}},"25":{"start":{"line":47,"column":52},"end":{"line":47,"column":82}},"26":{"start":{"line":49,"column":23},"end":{"line":49,"column":42}},"27":{"start":{"line":51,"column":2},"end":{"line":232,"column":11}},"28":{"start":{"line":66,"column":14},"end":{"line":66,"column":41}},"29":{"start":{"line":77,"column":14},"end":{"line":77,"column":40}},"30":{"start":{"line":88,"column":10},"end":{"line":88,"column":37}},"31":{"start":{"line":89,"column":10},"end":{"line":103,"column":15}},"32":{"start":{"line":113,"column":10},"end":{"line":113,"column":38}},"33":{"start":{"line":115,"column":10},"end":{"line":127,"column":15}},"34":{"start":{"line":136,"column":14},"end":{"line":148,"column":17}},"35":{"start":{"line":156,"column":14},"end":{"line":156,"column":39}},"36":{"start":{"line":157,"column":14},"end":{"line":157,"column":53}},"37":{"start":{"line":170,"column":14},"end":{"line":182,"column":17}},"38":{"start":{"line":183,"column":14},"end":{"line":183,"column":30}},"39":{"start":{"line":192,"column":14},"end":{"line":192,"column":30}},"40":{"start":{"line":193,"column":14},"end":{"line":200,"column":16}},"41":{"start":{"line":210,"column":12},"end":{"line":210,"column":117}},"42":{"start":{"line":210,"column":69},"end":{"line":210,"column":115}},"43":{"start":{"line":211,"column":12},"end":{"line":211,"column":50}},"44":{"start":{"line":226,"column":12},"end":{"line":226,"column":30}},"45":{"start":{"line":228,"column":30},"end":{"line":228,"column":40}},"46":{"start":{"line":11,"column":13},"end":{"line":11,"column":22}}},"fnMap":{"0":{"name":"(anonymous_0)","decl":{"start":{"line":11,"column":22},"end":{"line":11,"column":23}},"loc":{"start":{"line":11,"column":97},"end":{"line":233,"column":1}}},"1":{"name":"(anonymous_1)","decl":{"start":{"line":17,"column":18},"end":{"line":17,"column":21}},"loc":{"start":{"line":17,"column":23},"end":{"line":22,"column":3}}},"2":{"name":"(anonymous_2)","decl":{"start":{"line":24,"column":18},"end":{"line":24,"column":21}},"loc":{"start":{"line":24,"column":23},"end":{"line":36,"column":3}}},"3":{"name":"setEditor","decl":{"start":{"line":38,"column":11},"end":{"line":38,"column":20}},"loc":{"start":{"line":38,"column":27},"end":{"line":43,"column":3}}},"4":{"name":"(anonymous_4)","decl":{"start":{"line":65,"column":21},"end":{"line":65,"column":24}},"loc":{"start":{"line":65,"column":26},"end":{"line":67,"column":13}}},"5":{"name":"(anonymous_5)","decl":{"start":{"line":76,"column":21},"end":{"line":76,"column":24}},"loc":{"start":{"line":76,"column":26},"end":{"line":78,"column":13}}},"6":{"name":"(anonymous_6)","decl":{"start":{"line":87,"column":17},"end":{"line":87,"column":18}},"loc":{"start":{"line":87,"column":45},"end":{"line":104,"column":9}}},"7":{"name":"(anonymous_7)","decl":{"start":{"line":112,"column":17},"end":{"line":112,"column":18}},"loc":{"start":{"line":112,"column":29},"end":{"line":128,"column":9}}},"8":{"name":"(anonymous_8)","decl":{"start":{"line":135,"column":21},"end":{"line":135,"column":24}},"loc":{"start":{"line":135,"column":26},"end":{"line":149,"column":13}}},"9":{"name":"(anonymous_9)","decl":{"start":{"line":155,"column":21},"end":{"line":155,"column":24}},"loc":{"start":{"line":155,"column":26},"end":{"line":158,"column":13}}},"10":{"name":"(anonymous_10)","decl":{"start":{"line":169,"column":21},"end":{"line":169,"column":24}},"loc":{"start":{"line":169,"column":26},"end":{"line":184,"column":13}}},"11":{"name":"(anonymous_11)","decl":{"start":{"line":191,"column":21},"end":{"line":191,"column":24}},"loc":{"start":{"line":191,"column":26},"end":{"line":201,"column":13}}},"12":{"name":"(anonymous_12)","decl":{"start":{"line":209,"column":26},"end":{"line":209,"column":27}},"loc":{"start":{"line":209,"column":59},"end":{"line":212,"column":11}}},"13":{"name":"(anonymous_13)","decl":{"start":{"line":210,"column":63},"end":{"line":210,"column":66}},"loc":{"start":{"line":210,"column":69},"end":{"line":210,"column":115}}},"14":{"name":"(anonymous_14)","decl":{"start":{"line":225,"column":26},"end":{"line":225,"column":27}},"loc":{"start":{"line":225,"column":40},"end":{"line":227,"column":11}}},"15":{"name":"(anonymous_15)","decl":{"start":{"line":228,"column":20},"end":{"line":228,"column":21}},"loc":{"start":{"line":228,"column":30},"end":{"line":228,"column":40}}}},"branchMap":{"0":{"loc":{"start":{"line":18,"column":4},"end":{"line":21,"column":null}},"type":"if","locations":[{"start":{"line":18,"column":4},"end":{"line":21,"column":null}},{"start":{"line":18,"column":4},"end":{"line":21,"column":null}}]},"1":{"loc":{"start":{"line":25,"column":55},"end":{"line":25,"column":57}},"type":"cond-expr","locations":[{"start":{"line":25,"column":55},"end":{"line":25,"column":57}},{"start":{"line":25,"column":55},"end":{"line":25,"column":65}}]},"2":{"loc":{"start":{"line":25,"column":33},"end":{"line":25,"column":57}},"type":"binary-expr","locations":[{"start":{"line":25,"column":33},"end":{"line":25,"column":57}},{"start":{"line":25,"column":55},"end":{"line":25,"column":57}}]},"3":{"loc":{"start":{"line":25,"column":45},"end":{"line":25,"column":47}},"type":"cond-expr","locations":[{"start":{"line":25,"column":45},"end":{"line":25,"column":47}},{"start":{"line":25,"column":45},"end":{"line":25,"column":55}}]},"4":{"loc":{"start":{"line":25,"column":33},"end":{"line":25,"column":47}},"type":"binary-expr","locations":[{"start":{"line":25,"column":33},"end":{"line":25,"column":47}},{"start":{"line":25,"column":45},"end":{"line":25,"column":47}}]},"5":{"loc":{"start":{"line":26,"column":4},"end":{"line":35,"column":null}},"type":"if","locations":[{"start":{"line":26,"column":4},"end":{"line":35,"column":null}},{"start":{"line":26,"column":4},"end":{"line":35,"column":null}}]},"6":{"loc":{"start":{"line":26,"column":8},"end":{"line":26,"column":30}},"type":"binary-expr","locations":[{"start":{"line":26,"column":8},"end":{"line":26,"column":30}},{"start":{"line":26,"column":34},"end":{"line":26,"column":44}}]},"7":{"loc":{"start":{"line":28,"column":8},"end":{"line":28,"column":27}},"type":"binary-expr","locations":[{"start":{"line":28,"column":8},"end":{"line":28,"column":27}},{"start":{"line":28,"column":31},"end":{"line":32,"column":null}}]},"8":{"loc":{"start":{"line":52,"column":4},"end":{"line":230,"column":null}},"type":"cond-expr","locations":[{"start":{"line":52,"column":4},"end":{"line":230,"column":null}},{"start":{"line":232,"column":6},"end":{"line":232,"column":10}}]},"9":{"loc":{"start":{"line":51,"column":9},"end":{"line":51,"column":19}},"type":"binary-expr","locations":[{"start":{"line":51,"column":9},"end":{"line":51,"column":19}},{"start":{"line":51,"column":23},"end":{"line":51,"column":42}}]},"10":{"loc":{"start":{"line":54,"column":8},"end":{"line":54,"column":63}},"type":"cond-expr","locations":[{"start":{"line":54,"column":8},"end":{"line":54,"column":63}},{"start":{"line":56,"column":8},"end":{"line":56,"column":64}}]},"11":{"loc":{"start":{"line":59,"column":7},"end":{"line":59,"column":27}},"type":"binary-expr","locations":[{"start":{"line":59,"column":7},"end":{"line":59,"column":27}},{"start":{"line":60,"column":8},"end":{"line":81,"column":null}}]},"12":{"loc":{"start":{"line":89,"column":10},"end":{"line":89,"column":16}},"type":"binary-expr","locations":[{"start":{"line":89,"column":10},"end":{"line":89,"column":16}},{"start":{"line":90,"column":12},"end":{"line":103,"column":14}}]},"13":{"loc":{"start":{"line":115,"column":10},"end":{"line":115,"column":17}},"type":"binary-expr","locations":[{"start":{"line":115,"column":10},"end":{"line":115,"column":17}},{"start":{"line":116,"column":12},"end":{"line":127,"column":14}}]},"14":{"loc":{"start":{"line":131,"column":7},"end":{"line":131,"column":31}},"type":"binary-expr","locations":[{"start":{"line":131,"column":7},"end":{"line":131,"column":31}},{"start":{"line":132,"column":8},"end":{"line":161,"column":null}}]},"15":{"loc":{"start":{"line":165,"column":7},"end":{"line":165,"column":34}},"type":"binary-expr","locations":[{"start":{"line":165,"column":7},"end":{"line":165,"column":34}},{"start":{"line":166,"column":8},"end":{"line":204,"column":null}}]},"16":{"loc":{"start":{"line":165,"column":8},"end":{"line":165,"column":16}},"type":"binary-expr","locations":[{"start":{"line":165,"column":8},"end":{"line":165,"column":16}},{"start":{"line":165,"column":20},"end":{"line":165,"column":22}}]},"17":{"loc":{"start":{"line":194,"column":16},"end":{"line":194,"column":35}},"type":"binary-expr","locations":[{"start":{"line":194,"column":16},"end":{"line":194,"column":35}},{"start":{"line":194,"column":39},"end":{"line":198,"column":null}}]},"18":{"loc":{"start":{"line":208,"column":8},"end":{"line":217,"column":null}},"type":"cond-expr","locations":[{"start":{"line":208,"column":8},"end":{"line":217,"column":null}},{"start":{"line":220,"column":8},"end":{"line":228,"column":null}}]}},"s":{"0":0,"1":0,"2":0,"3":0,"4":0,"5":0,"6":0,"7":0,"8":0,"9":0,"10":0,"11":0,"12":0,"13":0,"14":0,"15":0,"16":0,"17":0,"18":0,"19":0,"20":0,"21":0,"22":0,"23":0,"24":0,"25":0,"26":0,"27":0,"28":0,"29":0,"30":0,"31":0,"32":0,"33":0,"34":0,"35":0,"36":0,"37":0,"38":0,"39":0,"40":0,"41":0,"42":0,"43":0,"44":0,"45":0,"46":0},"f":{"0":0,"1":0,"2":0,"3":0,"4":0,"5":0,"6":0,"7":0,"8":0,"9":0,"10":0,"11":0,"12":0,"13":0,"14":0,"15":0},"b":{"0":[0,0],"1":[0,0],"2":[0,0],"3":[0,0],"4":[0,0],"5":[0,0],"6":[0,0],"7":[0,0],"8":[0,0],"9":[0,0],"10":[0,0],"11":[0,0],"12":[0,0],"13":[0,0],"14":[0,0],"15":[0,0],"16":[0,0],"17":[0,0],"18":[0,0]}}
,"/Users/jamesburrow/review-hub/src/panels/file-history.tsx": {"path":"/Users/jamesburrow/review-hub/src/panels/file-history.tsx","statementMap":{"0":{"start":{"line":1,"column":0},"end":{"line":1,"column":31}},"1":{"start":{"line":2,"column":0},"end":{"line":2,"column":80}},"2":{"start":{"line":3,"column":0},"end":{"line":3,"column":96}},"3":{"start":{"line":4,"column":0},"end":{"line":4,"column":67}},"4":{"start":{"line":5,"column":0},"end":{"line":5,"column":43}},"5":{"start":{"line":8,"column":13},"end":{"line":156,"column":2}},"6":{"start":{"line":15,"column":36},"end":{"line":15,"column":64}},"7":{"start":{"line":17,"column":17},"end":{"line":17,"column":95}},"8":{"start":{"line":18,"column":25},"end":{"line":18,"column":66}},"9":{"start":{"line":20,"column":20},"end":{"line":34,"column":5}},"10":{"start":{"line":21,"column":23},"end":{"line":21,"column":53}},"11":{"start":{"line":23,"column":6},"end":{"line":33,"column":8}},"12":{"start":{"line":36,"column":4},"end":{"line":153,"column":null}},"13":{"start":{"line":37,"column":6},"end":{"line":152,"column":8}},"14":{"start":{"line":43,"column":26},"end":{"line":46,"column":null}},"15":{"start":{"line":48,"column":33},"end":{"line":51,"column":null}},"16":{"start":{"line":53,"column":16},"end":{"line":68,"column":19}},"17":{"start":{"line":76,"column":12},"end":{"line":95,"column":null}},"18":{"start":{"line":80,"column":18},"end":{"line":84,"column":null}},"19":{"start":{"line":81,"column":20},"end":{"line":81,"column":67}},"20":{"start":{"line":81,"column":55},"end":{"line":81,"column":64}},"21":{"start":{"line":83,"column":20},"end":{"line":83,"column":54}},"22":{"start":{"line":104,"column":28},"end":{"line":104,"column":63}},"23":{"start":{"line":105,"column":35},"end":{"line":105,"column":70}},"24":{"start":{"line":106,"column":18},"end":{"line":121,"column":21}},"25":{"start":{"line":129,"column":18},"end":{"line":129,"column":34}},"26":{"start":{"line":131,"column":25},"end":{"line":131,"column":116}},"27":{"start":{"line":131,"column":55},"end":{"line":131,"column":101}},"28":{"start":{"line":133,"column":18},"end":{"line":144,"column":21}},"29":{"start":{"line":154,"column":4},"end":{"line":154,"column":16}},"30":{"start":{"line":162,"column":5},"end":{"line":184,"column":1}},"31":{"start":{"line":163,"column":2},"end":{"line":183,"column":4}},"32":{"start":{"line":167,"column":8},"end":{"line":178,"column":10}}},"fnMap":{"0":{"name":"(anonymous_0)","decl":{"start":{"line":9,"column":2},"end":{"line":9,"column":null}},"loc":{"start":{"line":14,"column":6},"end":{"line":155,"column":3}}},"1":{"name":"(anonymous_1)","decl":{"start":{"line":20,"column":20},"end":{"line":20,"column":21}},"loc":{"start":{"line":20,"column":38},"end":{"line":34,"column":5}}},"2":{"name":"(anonymous_2)","decl":{"start":{"line":42,"column":23},"end":{"line":42,"column":26}},"loc":{"start":{"line":42,"column":28},"end":{"line":69,"column":15}}},"3":{"name":"(anonymous_3)","decl":{"start":{"line":75,"column":28},"end":{"line":75,"column":29}},"loc":{"start":{"line":76,"column":12},"end":{"line":95,"column":null}}},"4":{"name":"(anonymous_4)","decl":{"start":{"line":79,"column":25},"end":{"line":79,"column":28}},"loc":{"start":{"line":79,"column":30},"end":{"line":85,"column":17}}},"5":{"name":"(anonymous_5)","decl":{"start":{"line":81,"column":48},"end":{"line":81,"column":49}},"loc":{"start":{"line":81,"column":55},"end":{"line":81,"column":64}}},"6":{"name":"(anonymous_6)","decl":{"start":{"line":103,"column":25},"end":{"line":103,"column":28}},"loc":{"start":{"line":103,"column":30},"end":{"line":122,"column":17}}},"7":{"name":"(anonymous_7)","decl":{"start":{"line":128,"column":25},"end":{"line":128,"column":28}},"loc":{"start":{"line":128,"column":30},"end":{"line":145,"column":17}}},"8":{"name":"(anonymous_8)","decl":{"start":{"line":131,"column":48},"end":{"line":131,"column":49}},"loc":{"start":{"line":131,"column":55},"end":{"line":131,"column":101}}},"9":{"name":"(anonymous_9)","decl":{"start":{"line":162,"column":5},"end":{"line":162,"column":6}},"loc":{"start":{"line":162,"column":15},"end":{"line":184,"column":1}}},"10":{"name":"(anonymous_10)","decl":{"start":{"line":166,"column":15},"end":{"line":166,"column":18}},"loc":{"start":{"line":167,"column":8},"end":{"line":178,"column":10}}}},"branchMap":{"0":{"loc":{"start":{"line":17,"column":84},"end":{"line":17,"column":86}},"type":"cond-expr","locations":[{"start":{"line":17,"column":84},"end":{"line":17,"column":86}},{"start":{"line":17,"column":84},"end":{"line":17,"column":94}}]},"1":{"loc":{"start":{"line":17,"column":42},"end":{"line":17,"column":86}},"type":"binary-expr","locations":[{"start":{"line":17,"column":42},"end":{"line":17,"column":86}},{"start":{"line":17,"column":84},"end":{"line":17,"column":86}}]},"2":{"loc":{"start":{"line":21,"column":23},"end":{"line":21,"column":47}},"type":"binary-expr","locations":[{"start":{"line":21,"column":23},"end":{"line":21,"column":47}},{"start":{"line":21,"column":51},"end":{"line":21,"column":53}}]},"3":{"loc":{"start":{"line":21,"column":37},"end":{"line":21,"column":39}},"type":"cond-expr","locations":[{"start":{"line":21,"column":37},"end":{"line":21,"column":39}},{"start":{"line":21,"column":37},"end":{"line":21,"column":47}}]},"4":{"loc":{"start":{"line":21,"column":23},"end":{"line":21,"column":39}},"type":"binary-expr","locations":[{"start":{"line":21,"column":23},"end":{"line":21,"column":39}},{"start":{"line":21,"column":37},"end":{"line":21,"column":39}}]},"5":{"loc":{"start":{"line":26,"column":63},"end":{"line":26,"column":89}},"type":"cond-expr","locations":[{"start":{"line":26,"column":63},"end":{"line":26,"column":89}},{"start":{"line":26,"column":92},"end":{"line":26,"column":118}}]},"6":{"loc":{"start":{"line":26,"column":35},"end":{"line":26,"column":37}},"type":"cond-expr","locations":[{"start":{"line":26,"column":35},"end":{"line":26,"column":37}},{"start":{"line":26,"column":23},"end":{"line":26,"column":45}}]},"7":{"loc":{"start":{"line":26,"column":23},"end":{"line":26,"column":37}},"type":"binary-expr","locations":[{"start":{"line":26,"column":23},"end":{"line":26,"column":37}},{"start":{"line":26,"column":23},"end":{"line":26,"column":37}}]},"8":{"loc":{"start":{"line":31,"column":48},"end":{"line":31,"column":50}},"type":"cond-expr","locations":[{"start":{"line":31,"column":48},"end":{"line":31,"column":50}},{"start":{"line":31,"column":50},"end":{"line":31,"column":78}}]},"9":{"loc":{"start":{"line":31,"column":42},"end":{"line":31,"column":50}},"type":"binary-expr","locations":[{"start":{"line":31,"column":42},"end":{"line":31,"column":50}},{"start":{"line":31,"column":48},"end":{"line":31,"column":50}}]},"10":{"loc":{"start":{"line":36,"column":4},"end":{"line":153,"column":null}},"type":"if","locations":[{"start":{"line":36,"column":4},"end":{"line":153,"column":null}},{"start":{"line":36,"column":4},"end":{"line":153,"column":null}}]},"11":{"loc":{"start":{"line":40,"column":12},"end":{"line":69,"column":null}},"type":"cond-expr","locations":[{"start":{"line":40,"column":12},"end":{"line":69,"column":null}},{"start":{"line":73,"column":14},"end":{"line":73,"column":18}}]},"12":{"loc":{"start":{"line":39,"column":11},"end":{"line":39,"column":32}},"type":"binary-expr","locations":[{"start":{"line":39,"column":11},"end":{"line":39,"column":32}},{"start":{"line":39,"column":36},"end":{"line":39,"column":77}}]},"13":{"loc":{"start":{"line":80,"column":18},"end":{"line":84,"column":null}},"type":"if","locations":[{"start":{"line":80,"column":18},"end":{"line":84,"column":null}},{"start":{"line":80,"column":18},"end":{"line":84,"column":null}}]},"14":{"loc":{"start":{"line":87,"column":46},"end":{"line":87,"column":56}},"type":"cond-expr","locations":[{"start":{"line":87,"column":46},"end":{"line":87,"column":56}},{"start":{"line":87,"column":59},"end":{"line":87,"column":67}}]},"15":{"loc":{"start":{"line":99,"column":11},"end":{"line":99,"column":31}},"type":"binary-expr","locations":[{"start":{"line":99,"column":11},"end":{"line":99,"column":31}},{"start":{"line":100,"column":12},"end":{"line":148,"column":null}}]},"16":{"loc":{"start":{"line":131,"column":105},"end":{"line":131,"column":107}},"type":"cond-expr","locations":[{"start":{"line":131,"column":105},"end":{"line":131,"column":107}},{"start":{"line":131,"column":105},"end":{"line":131,"column":116}}]},"17":{"loc":{"start":{"line":131,"column":25},"end":{"line":131,"column":107}},"type":"binary-expr","locations":[{"start":{"line":131,"column":25},"end":{"line":131,"column":107}},{"start":{"line":131,"column":105},"end":{"line":131,"column":107}}]}},"s":{"0":0,"1":0,"2":0,"3":0,"4":0,"5":0,"6":0,"7":0,"8":0,"9":0,"10":0,"11":0,"12":0,"13":0,"14":0,"15":0,"16":0,"17":0,"18":0,"19":0,"20":0,"21":0,"22":0,"23":0,"24":0,"25":0,"26":0,"27":0,"28":0,"29":0,"30":0,"31":0,"32":0},"f":{"0":0,"1":0,"2":0,"3":0,"4":0,"5":0,"6":0,"7":0,"8":0,"9":0,"10":0},"b":{"0":[0,0],"1":[0,0],"2":[0,0],"3":[0,0],"4":[0,0],"5":[0,0],"6":[0,0],"7":[0,0],"8":[0,0],"9":[0,0],"10":[0,0],"11":[0,0],"12":[0,0],"13":[0,0],"14":[0,0],"15":[0,0],"16":[0,0],"17":[0,0]}}
,"/Users/jamesburrow/review-hub/src/panels/staging-scm.tsx": {"path":"/Users/jamesburrow/review-hub/src/panels/staging-scm.tsx","statementMap":{"0":{"start":{"line":1,"column":0},"end":{"line":1,"column":31}},"1":{"start":{"line":2,"column":0},"end":{"line":2,"column":71}},"2":{"start":{"line":3,"column":0},"end":{"line":3,"column":95}},"3":{"start":{"line":5,"column":0},"end":{"line":5,"column":97}},"4":{"start":{"line":6,"column":0},"end":{"line":6,"column":43}},"5":{"start":{"line":7,"column":0},"end":{"line":7,"column":26}},"6":{"start":{"line":10,"column":0},"end":{"line":10,"column":56}},"7":{"start":{"line":12,"column":26},"end":{"line":154,"column":1}},"8":{"start":{"line":22,"column":54},"end":{"line":22,"column":84}},"9":{"start":{"line":23,"column":40},"end":{"line":23,"column":70}},"10":{"start":{"line":25,"column":2},"end":{"line":153,"column":4}},"11":{"start":{"line":41,"column":10},"end":{"line":41,"column":31}},"12":{"start":{"line":50,"column":10},"end":{"line":50,"column":38}},"13":{"start":{"line":62,"column":25},"end":{"line":70,"column":18}},"14":{"start":{"line":63,"column":27},"end":{"line":63,"column":46}},"15":{"start":{"line":65,"column":14},"end":{"line":69,"column":null}},"16":{"start":{"line":66,"column":16},"end":{"line":66,"column":44}},"17":{"start":{"line":68,"column":16},"end":{"line":68,"column":27}},"18":{"start":{"line":71,"column":10},"end":{"line":77,"column":13}},"19":{"start":{"line":87,"column":10},"end":{"line":90,"column":13}},"20":{"start":{"line":101,"column":10},"end":{"line":101,"column":39}},"21":{"start":{"line":103,"column":10},"end":{"line":125,"column":15}},"22":{"start":{"line":133,"column":10},"end":{"line":133,"column":32}},"23":{"start":{"line":135,"column":10},"end":{"line":149,"column":15}},"24":{"start":{"line":12,"column":13},"end":{"line":12,"column":26}},"25":{"start":{"line":156,"column":19},"end":{"line":269,"column":1}},"26":{"start":{"line":165,"column":44},"end":{"line":165,"column":74}},"27":{"start":{"line":166,"column":36},"end":{"line":166,"column":64}},"28":{"start":{"line":168,"column":22},"end":{"line":182,"column":3}},"29":{"start":{"line":169,"column":18},"end":{"line":169,"column":39}},"30":{"start":{"line":170,"column":4},"end":{"line":181,"column":7}},"31":{"start":{"line":184,"column":24},"end":{"line":184,"column":117}},"32":{"start":{"line":186,"column":16},"end":{"line":195,"column":4}},"33":{"start":{"line":187,"column":4},"end":{"line":193,"column":null}},"34":{"start":{"line":197,"column":29},"end":{"line":197,"column":46}},"35":{"start":{"line":198,"column":18},"end":{"line":201,"column":3}},"36":{"start":{"line":199,"column":4},"end":{"line":199,"column":28}},"37":{"start":{"line":200,"column":4},"end":{"line":200,"column":27}},"38":{"start":{"line":202,"column":19},"end":{"line":213,"column":6}},"39":{"start":{"line":203,"column":19},"end":{"line":203,"column":46}},"40":{"start":{"line":205,"column":6},"end":{"line":211,"column":null}},"41":{"start":{"line":216,"column":26},"end":{"line":221,"column":3}},"42":{"start":{"line":217,"column":4},"end":{"line":220,"column":7}},"43":{"start":{"line":218,"column":6},"end":{"line":218,"column":43}},"44":{"start":{"line":219,"column":6},"end":{"line":219,"column":71}},"45":{"start":{"line":219,"column":34},"end":{"line":219,"column":69}},"46":{"start":{"line":222,"column":2},"end":{"line":222,"column":94}},"47":{"start":{"line":222,"column":65},"end":{"line":222,"column":92}},"48":{"start":{"line":224,"column":25},"end":{"line":224,"column":116}},"49":{"start":{"line":224,"column":78},"end":{"line":224,"column":115}},"50":{"start":{"line":226,"column":24},"end":{"line":228,"column":4}},"51":{"start":{"line":227,"column":4},"end":{"line":227,"column":103}},"52":{"start":{"line":230,"column":18},"end":{"line":258,"column":null}},"53":{"start":{"line":232,"column":6},"end":{"line":232,"column":30}},"54":{"start":{"line":234,"column":6},"end":{"line":256,"column":11}},"55":{"start":{"line":261,"column":2},"end":{"line":268,"column":4}},"56":{"start":{"line":156,"column":13},"end":{"line":156,"column":19}},"57":{"start":{"line":271,"column":16},"end":{"line":304,"column":1}},"58":{"start":{"line":278,"column":2},"end":{"line":303,"column":4}},"59":{"start":{"line":283,"column":10},"end":{"line":283,"column":50}},"60":{"start":{"line":290,"column":25},"end":{"line":290,"column":72}},"61":{"start":{"line":292,"column":12},"end":{"line":298,"column":null}},"62":{"start":{"line":306,"column":16},"end":{"line":329,"column":null}},"63":{"start":{"line":316,"column":4},"end":{"line":328,"column":6}},"64":{"start":{"line":320,"column":10},"end":{"line":320,"column":40}},"65":{"start":{"line":321,"column":10},"end":{"line":321,"column":30}},"66":{"start":{"line":322,"column":10},"end":{"line":322,"column":30}},"67":{"start":{"line":332,"column":24},"end":{"line":379,"column":1}},"68":{"start":{"line":333,"column":22},"end":{"line":335,"column":31}},"69":{"start":{"line":337,"column":2},"end":{"line":378,"column":4}},"70":{"start":{"line":347,"column":27},"end":{"line":347,"column":65}},"71":{"start":{"line":361,"column":23},"end":{"line":361,"column":61}},"72":{"start":{"line":332,"column":13},"end":{"line":332,"column":24}}},"fnMap":{"0":{"name":"(anonymous_0)","decl":{"start":{"line":12,"column":26},"end":{"line":12,"column":27}},"loc":{"start":{"line":21,"column":5},"end":{"line":154,"column":1}}},"1":{"name":"(anonymous_1)","decl":{"start":{"line":40,"column":17},"end":{"line":40,"column":20}},"loc":{"start":{"line":40,"column":22},"end":{"line":42,"column":9}}},"2":{"name":"(anonymous_2)","decl":{"start":{"line":49,"column":17},"end":{"line":49,"column":20}},"loc":{"start":{"line":49,"column":22},"end":{"line":51,"column":9}}},"3":{"name":"(anonymous_3)","decl":{"start":{"line":61,"column":17},"end":{"line":61,"column":20}},"loc":{"start":{"line":61,"column":22},"end":{"line":78,"column":9}}},"4":{"name":"(anonymous_4)","decl":{"start":{"line":63,"column":20},"end":{"line":63,"column":21}},"loc":{"start":{"line":63,"column":27},"end":{"line":63,"column":46}}},"5":{"name":"(anonymous_5)","decl":{"start":{"line":64,"column":34},"end":{"line":64,"column":35}},"loc":{"start":{"line":64,"column":45},"end":{"line":70,"column":13}}},"6":{"name":"(anonymous_6)","decl":{"start":{"line":86,"column":17},"end":{"line":86,"column":20}},"loc":{"start":{"line":86,"column":22},"end":{"line":91,"column":9}}},"7":{"name":"(anonymous_7)","decl":{"start":{"line":100,"column":17},"end":{"line":100,"column":18}},"loc":{"start":{"line":100,"column":23},"end":{"line":126,"column":9}}},"8":{"name":"(anonymous_8)","decl":{"start":{"line":132,"column":17},"end":{"line":132,"column":18}},"loc":{"start":{"line":132,"column":23},"end":{"line":150,"column":9}}},"9":{"name":"(anonymous_9)","decl":{"start":{"line":156,"column":19},"end":{"line":156,"column":20}},"loc":{"start":{"line":164,"column":5},"end":{"line":269,"column":1}}},"10":{"name":"(anonymous_10)","decl":{"start":{"line":168,"column":22},"end":{"line":168,"column":23}},"loc":{"start":{"line":168,"column":43},"end":{"line":182,"column":3}}},"11":{"name":"(anonymous_11)","decl":{"start":{"line":186,"column":34},"end":{"line":186,"column":35}},"loc":{"start":{"line":187,"column":4},"end":{"line":193,"column":null}}},"12":{"name":"(anonymous_12)","decl":{"start":{"line":198,"column":18},"end":{"line":198,"column":19}},"loc":{"start":{"line":198,"column":40},"end":{"line":201,"column":3}}},"13":{"name":"(anonymous_13)","decl":{"start":{"line":203,"column":12},"end":{"line":203,"column":13}},"loc":{"start":{"line":203,"column":19},"end":{"line":203,"column":46}}},"14":{"name":"(anonymous_14)","decl":{"start":{"line":204,"column":9},"end":{"line":204,"column":10}},"loc":{"start":{"line":205,"column":6},"end":{"line":211,"column":null}}},"15":{"name":"(anonymous_15)","decl":{"start":{"line":216,"column":26},"end":{"line":216,"column":27}},"loc":{"start":{"line":216,"column":37},"end":{"line":221,"column":3}}},"16":{"name":"(anonymous_16)","decl":{"start":{"line":217,"column":22},"end":{"line":217,"column":23}},"loc":{"start":{"line":217,"column":28},"end":{"line":220,"column":5}}},"17":{"name":"(anonymous_17)","decl":{"start":{"line":219,"column":26},"end":{"line":219,"column":27}},"loc":{"start":{"line":219,"column":34},"end":{"line":219,"column":69}}},"18":{"name":"(anonymous_18)","decl":{"start":{"line":222,"column":58},"end":{"line":222,"column":59}},"loc":{"start":{"line":222,"column":65},"end":{"line":222,"column":92}}},"19":{"name":"(anonymous_19)","decl":{"start":{"line":224,"column":71},"end":{"line":224,"column":72}},"loc":{"start":{"line":224,"column":78},"end":{"line":224,"column":115}}},"20":{"name":"(anonymous_20)","decl":{"start":{"line":226,"column":43},"end":{"line":226,"column":44}},"loc":{"start":{"line":227,"column":4},"end":{"line":227,"column":103}}},"21":{"name":"(anonymous_21)","decl":{"start":{"line":231,"column":4},"end":{"line":231,"column":5}},"loc":{"start":{"line":231,"column":10},"end":{"line":257,"column":5}}},"22":{"name":"(anonymous_22)","decl":{"start":{"line":271,"column":16},"end":{"line":271,"column":17}},"loc":{"start":{"line":277,"column":5},"end":{"line":304,"column":1}}},"23":{"name":"(anonymous_23)","decl":{"start":{"line":282,"column":17},"end":{"line":282,"column":20}},"loc":{"start":{"line":282,"column":22},"end":{"line":284,"column":9}}},"24":{"name":"(anonymous_24)","decl":{"start":{"line":290,"column":18},"end":{"line":290,"column":19}},"loc":{"start":{"line":290,"column":25},"end":{"line":290,"column":72}}},"25":{"name":"(anonymous_25)","decl":{"start":{"line":291,"column":15},"end":{"line":291,"column":16}},"loc":{"start":{"line":292,"column":12},"end":{"line":298,"column":null}}},"26":{"name":"(anonymous_26)","decl":{"start":{"line":307,"column":2},"end":{"line":307,"column":null}},"loc":{"start":{"line":315,"column":6},"end":{"line":329,"column":3}}},"27":{"name":"(anonymous_27)","decl":{"start":{"line":319,"column":17},"end":{"line":319,"column":18}},"loc":{"start":{"line":319,"column":23},"end":{"line":323,"column":9}}},"28":{"name":"(anonymous_28)","decl":{"start":{"line":332,"column":24},"end":{"line":332,"column":25}},"loc":{"start":{"line":332,"column":75},"end":{"line":379,"column":1}}},"29":{"name":"(anonymous_29)","decl":{"start":{"line":347,"column":20},"end":{"line":347,"column":21}},"loc":{"start":{"line":347,"column":27},"end":{"line":347,"column":65}}},"30":{"name":"(anonymous_30)","decl":{"start":{"line":361,"column":16},"end":{"line":361,"column":17}},"loc":{"start":{"line":361,"column":23},"end":{"line":361,"column":61}}}},"branchMap":{"0":{"loc":{"start":{"line":65,"column":14},"end":{"line":69,"column":null}},"type":"if","locations":[{"start":{"line":65,"column":14},"end":{"line":69,"column":null}},{"start":{"line":65,"column":14},"end":{"line":69,"column":null}}]},"1":{"loc":{"start":{"line":103,"column":10},"end":{"line":103,"column":19}},"type":"binary-expr","locations":[{"start":{"line":103,"column":10},"end":{"line":103,"column":19}},{"start":{"line":104,"column":12},"end":{"line":125,"column":14}}]},"2":{"loc":{"start":{"line":135,"column":10},"end":{"line":135,"column":19}},"type":"binary-expr","locations":[{"start":{"line":135,"column":10},"end":{"line":135,"column":19}},{"start":{"line":136,"column":12},"end":{"line":149,"column":14}}]},"3":{"loc":{"start":{"line":184,"column":39},"end":{"line":184,"column":87}},"type":"cond-expr","locations":[{"start":{"line":184,"column":39},"end":{"line":184,"column":87}},{"start":{"line":184,"column":90},"end":{"line":184,"column":117}}]},"4":{"loc":{"start":{"line":234,"column":6},"end":{"line":234,"column":15}},"type":"binary-expr","locations":[{"start":{"line":234,"column":6},"end":{"line":234,"column":15}},{"start":{"line":235,"column":8},"end":{"line":256,"column":10}}]},"5":{"loc":{"start":{"line":264,"column":48},"end":{"line":264,"column":73}},"type":"cond-expr","locations":[{"start":{"line":264,"column":48},"end":{"line":264,"column":73}},{"start":{"line":264,"column":76},"end":{"line":264,"column":80}}]},"6":{"loc":{"start":{"line":318,"column":36},"end":{"line":318,"column":70}},"type":"cond-expr","locations":[{"start":{"line":318,"column":36},"end":{"line":318,"column":70}},{"start":{"line":318,"column":73},"end":{"line":318,"column":94}}]},"7":{"loc":{"start":{"line":324,"column":36},"end":{"line":324,"column":62}},"type":"cond-expr","locations":[{"start":{"line":324,"column":36},"end":{"line":324,"column":62}},{"start":{"line":324,"column":65},"end":{"line":324,"column":91}}]},"8":{"loc":{"start":{"line":334,"column":6},"end":{"line":334,"column":80}},"type":"cond-expr","locations":[{"start":{"line":334,"column":6},"end":{"line":334,"column":80}},{"start":{"line":335,"column":6},"end":{"line":335,"column":31}}]},"9":{"loc":{"start":{"line":340,"column":8},"end":{"line":351,"column":null}},"type":"cond-expr","locations":[{"start":{"line":340,"column":8},"end":{"line":351,"column":null}},{"start":{"line":353,"column":10},"end":{"line":353,"column":14}}]},"10":{"loc":{"start":{"line":339,"column":7},"end":{"line":339,"column":28}},"type":"binary-expr","locations":[{"start":{"line":339,"column":7},"end":{"line":339,"column":28}},{"start":{"line":339,"column":32},"end":{"line":339,"column":37}}]},"11":{"loc":{"start":{"line":343,"column":47},"end":{"line":343,"column":51}},"type":"cond-expr","locations":[{"start":{"line":343,"column":47},"end":{"line":343,"column":51}},{"start":{"line":343,"column":51},"end":{"line":343,"column":53}}]},"12":{"loc":{"start":{"line":343,"column":17},"end":{"line":343,"column":51}},"type":"binary-expr","locations":[{"start":{"line":343,"column":17},"end":{"line":343,"column":51}},{"start":{"line":343,"column":47},"end":{"line":343,"column":51}}]},"13":{"loc":{"start":{"line":343,"column":40},"end":{"line":343,"column":42}},"type":"cond-expr","locations":[{"start":{"line":343,"column":40},"end":{"line":343,"column":42}},{"start":{"line":343,"column":40},"end":{"line":343,"column":47}}]},"14":{"loc":{"start":{"line":343,"column":17},"end":{"line":343,"column":42}},"type":"binary-expr","locations":[{"start":{"line":343,"column":17},"end":{"line":343,"column":42}},{"start":{"line":343,"column":40},"end":{"line":343,"column":42}}]},"15":{"loc":{"start":{"line":345,"column":67},"end":{"line":345,"column":69}},"type":"cond-expr","locations":[{"start":{"line":345,"column":67},"end":{"line":345,"column":69}},{"start":{"line":345,"column":67},"end":{"line":345,"column":77}}]},"16":{"loc":{"start":{"line":345,"column":24},"end":{"line":345,"column":69}},"type":"binary-expr","locations":[{"start":{"line":345,"column":24},"end":{"line":345,"column":69}},{"start":{"line":345,"column":67},"end":{"line":345,"column":69}}]},"17":{"loc":{"start":{"line":350,"column":61},"end":{"line":350,"column":63}},"type":"cond-expr","locations":[{"start":{"line":350,"column":61},"end":{"line":350,"column":63}},{"start":{"line":350,"column":61},"end":{"line":350,"column":76}}]},"18":{"loc":{"start":{"line":350,"column":40},"end":{"line":350,"column":63}},"type":"binary-expr","locations":[{"start":{"line":350,"column":40},"end":{"line":350,"column":63}},{"start":{"line":350,"column":61},"end":{"line":350,"column":63}}]},"19":{"loc":{"start":{"line":359,"column":63},"end":{"line":359,"column":65}},"type":"cond-expr","locations":[{"start":{"line":359,"column":63},"end":{"line":359,"column":65}},{"start":{"line":359,"column":63},"end":{"line":359,"column":73}}]},"20":{"loc":{"start":{"line":359,"column":20},"end":{"line":359,"column":65}},"type":"binary-expr","locations":[{"start":{"line":359,"column":20},"end":{"line":359,"column":65}},{"start":{"line":359,"column":63},"end":{"line":359,"column":65}}]},"21":{"loc":{"start":{"line":374,"column":63},"end":{"line":374,"column":65}},"type":"cond-expr","locations":[{"start":{"line":374,"column":63},"end":{"line":374,"column":65}},{"start":{"line":374,"column":63},"end":{"line":374,"column":73}}]},"22":{"loc":{"start":{"line":374,"column":20},"end":{"line":374,"column":65}},"type":"binary-expr","locations":[{"start":{"line":374,"column":20},"end":{"line":374,"column":65}},{"start":{"line":374,"column":63},"end":{"line":374,"column":65}}]}},"s":{"0":0,"1":0,"2":0,"3":0,"4":0,"5":0,"6":0,"7":0,"8":0,"9":0,"10":0,"11":0,"12":0,"13":0,"14":0,"15":0,"16":0,"17":0,"18":0,"19":0,"20":0,"21":0,"22":0,"23":0,"24":0,"25":0,"26":0,"27":0,"28":0,"29":0,"30":0,"31":0,"32":0,"33":0,"34":0,"35":0,"36":0,"37":0,"38":0,"39":0,"40":0,"41":0,"42":0,"43":0,"44":0,"45":0,"46":0,"47":0,"48":0,"49":0,"50":0,"51":0,"52":0,"53":0,"54":0,"55":0,"56":0,"57":0,"58":0,"59":0,"60":0,"61":0,"62":0,"63":0,"64":0,"65":0,"66":0,"67":0,"68":0,"69":0,"70":0,"71":0,"72":0},"f":{"0":0,"1":0,"2":0,"3":0,"4":0,"5":0,"6":0,"7":0,"8":0,"9":0,"10":0,"11":0,"12":0,"13":0,"14":0,"15":0,"16":0,"17":0,"18":0,"19":0,"20":0,"21":0,"22":0,"23":0,"24":0,"25":0,"26":0,"27":0,"28":0,"29":0,"30":0},"b":{"0":[0,0],"1":[0,0],"2":[0,0],"3":[0,0],"4":[0,0],"5":[0,0],"6":[0,0],"7":[0,0],"8":[0,0],"9":[0,0],"10":[0,0],"11":[0,0],"12":[0,0],"13":[0,0],"14":[0,0],"15":[0,0],"16":[0,0],"17":[0,0],"18":[0,0],"19":[0,0],"20":[0,0],"21":[0,0],"22":[0,0]}}
,"/Users/jamesburrow/review-hub/src/panels/vc-history.tsx": {"path":"/Users/jamesburrow/review-hub/src/panels/vc-history.tsx","statementMap":{"0":{"start":{"line":1,"column":0},"end":{"line":1,"column":31}},"1":{"start":{"line":2,"column":0},"end":{"line":2,"column":115}},"2":{"start":{"line":3,"column":0},"end":{"line":3,"column":61}},"3":{"start":{"line":4,"column":0},"end":{"line":4,"column":43}},"4":{"start":{"line":5,"column":0},"end":{"line":5,"column":82}},"5":{"start":{"line":9,"column":25},"end":{"line":44,"column":1}},"6":{"start":{"line":15,"column":15},"end":{"line":15,"column":91}},"7":{"start":{"line":17,"column":19},"end":{"line":41,"column":6}},"8":{"start":{"line":18,"column":19},"end":{"line":18,"column":38}},"9":{"start":{"line":20,"column":6},"end":{"line":40,"column":8}},"10":{"start":{"line":24,"column":12},"end":{"line":34,"column":null}},"11":{"start":{"line":43,"column":2},"end":{"line":43,"column":31}},"12":{"start":{"line":9,"column":13},"end":{"line":9,"column":25}},"13":{"start":{"line":46,"column":31},"end":{"line":60,"column":1}},"14":{"start":{"line":47,"column":2},"end":{"line":59,"column":null}},"15":{"start":{"line":49,"column":6},"end":{"line":56,"column":8}},"16":{"start":{"line":53,"column":12},"end":{"line":53,"column":54}},"17":{"start":{"line":58,"column":6},"end":{"line":58,"column":92}},"18":{"start":{"line":46,"column":13},"end":{"line":46,"column":31}},"19":{"start":{"line":62,"column":34},"end":{"line":74,"column":1}},"20":{"start":{"line":63,"column":2},"end":{"line":73,"column":null}},"21":{"start":{"line":65,"column":6},"end":{"line":69,"column":8}},"22":{"start":{"line":72,"column":6},"end":{"line":72,"column":37}},"23":{"start":{"line":62,"column":13},"end":{"line":62,"column":34}},"24":{"start":{"line":76,"column":13},"end":{"line":96,"column":2}},"25":{"start":{"line":84,"column":4},"end":{"line":93,"column":null}},"26":{"start":{"line":88,"column":10},"end":{"line":88,"column":77}},"27":{"start":{"line":98,"column":13},"end":{"line":158,"column":2}},"28":{"start":{"line":110,"column":6},"end":{"line":116,"column":110}},"29":{"start":{"line":118,"column":4},"end":{"line":156,"column":6}},"30":{"start":{"line":124,"column":12},"end":{"line":147,"column":null}},"31":{"start":{"line":131,"column":24},"end":{"line":131,"column":87}},"32":{"start":{"line":132,"column":14},"end":{"line":135,"column":17}},"33":{"start":{"line":136,"column":14},"end":{"line":146,"column":17}}},"fnMap":{"0":{"name":"(anonymous_0)","decl":{"start":{"line":9,"column":25},"end":{"line":9,"column":26}},"loc":{"start":{"line":14,"column":5},"end":{"line":44,"column":1}}},"1":{"name":"(anonymous_1)","decl":{"start":{"line":18,"column":12},"end":{"line":18,"column":13}},"loc":{"start":{"line":18,"column":19},"end":{"line":18,"column":38}}},"2":{"name":"(anonymous_2)","decl":{"start":{"line":19,"column":9},"end":{"line":19,"column":10}},"loc":{"start":{"line":19,"column":48},"end":{"line":41,"column":5}}},"3":{"name":"(anonymous_3)","decl":{"start":{"line":23,"column":25},"end":{"line":23,"column":26}},"loc":{"start":{"line":24,"column":12},"end":{"line":34,"column":null}}},"4":{"name":"(anonymous_4)","decl":{"start":{"line":46,"column":31},"end":{"line":46,"column":32}},"loc":{"start":{"line":46,"column":49},"end":{"line":60,"column":1}}},"5":{"name":"(anonymous_5)","decl":{"start":{"line":52,"column":31},"end":{"line":52,"column":32}},"loc":{"start":{"line":53,"column":12},"end":{"line":53,"column":54}}},"6":{"name":"(anonymous_6)","decl":{"start":{"line":62,"column":34},"end":{"line":62,"column":35}},"loc":{"start":{"line":62,"column":60},"end":{"line":74,"column":1}}},"7":{"name":"(anonymous_7)","decl":{"start":{"line":77,"column":2},"end":{"line":77,"column":null}},"loc":{"start":{"line":84,"column":4},"end":{"line":93,"column":null}}},"8":{"name":"(anonymous_8)","decl":{"start":{"line":87,"column":17},"end":{"line":87,"column":20}},"loc":{"start":{"line":87,"column":22},"end":{"line":89,"column":9}}},"9":{"name":"(anonymous_9)","decl":{"start":{"line":99,"column":2},"end":{"line":99,"column":null}},"loc":{"start":{"line":107,"column":6},"end":{"line":157,"column":3}}},"10":{"name":"(anonymous_10)","decl":{"start":{"line":123,"column":19},"end":{"line":123,"column":22}},"loc":{"start":{"line":123,"column":24},"end":{"line":148,"column":11}}}},"branchMap":{"0":{"loc":{"start":{"line":15,"column":40},"end":{"line":15,"column":62}},"type":"cond-expr","locations":[{"start":{"line":15,"column":40},"end":{"line":15,"column":62}},{"start":{"line":15,"column":65},"end":{"line":15,"column":91}}]},"1":{"loc":{"start":{"line":26,"column":16},"end":{"line":26,"column":33}},"type":"binary-expr","locations":[{"start":{"line":26,"column":16},"end":{"line":26,"column":33}},{"start":{"line":26,"column":37},"end":{"line":26,"column":56}},{"start":{"line":26,"column":60},"end":{"line":26,"column":78}},{"start":{"line":27,"column":16},"end":{"line":32,"column":null}}]},"2":{"loc":{"start":{"line":48,"column":4},"end":{"line":56,"column":8}},"type":"switch","locations":[{"start":{"line":48,"column":4},"end":{"line":56,"column":8}},{"start":{"line":57,"column":4},"end":{"line":58,"column":92}}]},"3":{"loc":{"start":{"line":64,"column":4},"end":{"line":69,"column":8}},"type":"switch","locations":[{"start":{"line":64,"column":4},"end":{"line":69,"column":8}},{"start":{"line":71,"column":4},"end":{"line":72,"column":37}}]},"4":{"loc":{"start":{"line":93,"column":40},"end":{"line":93,"column":66}},"type":"cond-expr","locations":[{"start":{"line":93,"column":40},"end":{"line":93,"column":66}},{"start":{"line":93,"column":69},"end":{"line":93,"column":95}}]},"5":{"loc":{"start":{"line":110,"column":7},"end":{"line":110,"column":41}},"type":"binary-expr","locations":[{"start":{"line":110,"column":7},"end":{"line":110,"column":41}},{"start":{"line":111,"column":8},"end":{"line":111,"column":39}},{"start":{"line":112,"column":8},"end":{"line":112,"column":41}},{"start":{"line":113,"column":8},"end":{"line":113,"column":41}},{"start":{"line":114,"column":6},"end":{"line":114,"column":43}},{"start":{"line":115,"column":6},"end":{"line":115,"column":62}},{"start":{"line":116,"column":6},"end":{"line":116,"column":110}}]},"6":{"loc":{"start":{"line":115,"column":24},"end":{"line":115,"column":26}},"type":"cond-expr","locations":[{"start":{"line":115,"column":24},"end":{"line":115,"column":26}},{"start":{"line":115,"column":24},"end":{"line":115,"column":34}}]},"7":{"loc":{"start":{"line":115,"column":6},"end":{"line":115,"column":26}},"type":"binary-expr","locations":[{"start":{"line":115,"column":6},"end":{"line":115,"column":26}},{"start":{"line":115,"column":24},"end":{"line":115,"column":26}}]},"8":{"loc":{"start":{"line":116,"column":24},"end":{"line":116,"column":26}},"type":"cond-expr","locations":[{"start":{"line":116,"column":24},"end":{"line":116,"column":26}},{"start":{"line":116,"column":24},"end":{"line":116,"column":34}}]},"9":{"loc":{"start":{"line":116,"column":6},"end":{"line":116,"column":26}},"type":"binary-expr","locations":[{"start":{"line":116,"column":6},"end":{"line":116,"column":26}},{"start":{"line":116,"column":24},"end":{"line":116,"column":26}}]},"10":{"loc":{"start":{"line":124,"column":12},"end":{"line":147,"column":null}},"type":"if","locations":[{"start":{"line":124,"column":12},"end":{"line":147,"column":null}},{"start":{"line":124,"column":12},"end":{"line":147,"column":null}}]},"11":{"loc":{"start":{"line":126,"column":14},"end":{"line":126,"column":48}},"type":"binary-expr","locations":[{"start":{"line":126,"column":14},"end":{"line":126,"column":48}},{"start":{"line":127,"column":14},"end":{"line":127,"column":45}},{"start":{"line":128,"column":14},"end":{"line":128,"column":47}},{"start":{"line":129,"column":14},"end":{"line":129,"column":47}}]},"12":{"loc":{"start":{"line":152,"column":9},"end":{"line":152,"column":17}},"type":"binary-expr","locations":[{"start":{"line":152,"column":9},"end":{"line":152,"column":17}},{"start":{"line":153,"column":10},"end":{"line":153,"column":110}}]},"13":{"loc":{"start":{"line":153,"column":38},"end":{"line":153,"column":64}},"type":"cond-expr","locations":[{"start":{"line":153,"column":38},"end":{"line":153,"column":64}},{"start":{"line":153,"column":67},"end":{"line":153,"column":93}}]}},"s":{"0":0,"1":0,"2":0,"3":0,"4":0,"5":0,"6":0,"7":0,"8":0,"9":0,"10":0,"11":0,"12":0,"13":0,"14":0,"15":0,"16":0,"17":0,"18":0,"19":0,"20":0,"21":0,"22":0,"23":0,"24":0,"25":0,"26":0,"27":0,"28":0,"29":0,"30":0,"31":0,"32":0,"33":0},"f":{"0":0,"1":0,"2":0,"3":0,"4":0,"5":0,"6":0,"7":0,"8":0,"9":0,"10":0},"b":{"0":[0,0],"1":[0,0,0,0],"2":[0,0],"3":[0,0],"4":[0,0],"5":[0,0,0,0,0,0,0],"6":[0,0],"7":[0,0],"8":[0,0],"9":[0,0],"10":[0,0],"11":[0,0,0,0],"12":[0,0],"13":[0,0]}}
}
