TN:
SF:src\events-version-control.ts
FN:50,(anonymous_0)
FN:84,createFileState
FN:106,initialVersionControlState
FN:119,versionControlReducer
FN:216,reduceVersionControl
FN:229,isReadonly
FNF:6
FNH:6
FNDA:3,(anonymous_0)
FNDA:20,createFileState
FNDA:13,initialVersionControlState
FNDA:20,versionControlReducer
FNDA:8,reduceVersionControl
FNDA:1,isReadonly
DA:1,3
DA:6,3
DA:50,3
DA:51,3
DA:52,3
DA:92,20
DA:100,20
DA:106,3
DA:107,13
DA:119,3
DA:123,20
DA:125,3
DA:128,17
DA:129,17
DA:130,17
DA:131,19
DA:132,0
DA:136,0
DA:139,19
DA:148,19
DA:149,19
DA:150,19
DA:152,19
DA:154,3
DA:155,3
DA:157,3
DA:159,13
DA:160,13
DA:162,13
DA:164,2
DA:165,2
DA:167,2
DA:169,1
DA:170,1
DA:172,1
DA:181,1
DA:183,0
DA:186,19
DA:196,17
DA:201,17
DA:202,17
DA:203,17
DA:205,17
DA:216,3
DA:220,8
DA:222,8
DA:223,14
DA:226,8
DA:229,3
DA:230,1
LF:50
LH:47
BRDA:50,0,0,3
BRDA:50,0,1,3
BRDA:97,1,0,20
BRDA:97,1,1,0
BRDA:124,2,0,3
BRDA:124,2,1,17
BRDA:131,3,0,0
BRDA:131,3,1,19
BRDA:139,4,0,19
BRDA:139,4,1,8
BRDA:153,5,0,3
BRDA:153,5,1,13
BRDA:153,5,2,2
BRDA:153,5,3,1
BRDA:153,5,4,0
BRDA:170,6,0,1
BRDA:170,6,1,1
BRDA:201,7,0,17
BRDA:201,7,1,13
BRDA:218,8,0,4
BRDA:220,9,0,8
BRDA:220,9,1,4
BRF:22
BRH:19
end_of_record
TN:
SF:src\import-export.ts
FN:12,generateZip
FN:23,rebaseScripts
FN:29,(anonymous_2)
FN:30,(anonymous_3)
FN:37,(anonymous_4)
FN:43,(anonymous_5)
FNF:6
FNH:5
FNDA:0,generateZip
FNDA:2,rebaseScripts
FNDA:1,(anonymous_2)
FNDA:1,(anonymous_3)
FNDA:1,(anonymous_4)
FNDA:1,(anonymous_5)
DA:1,1
DA:2,1
DA:3,1
DA:10,1
DA:12,1
DA:13,0
DA:14,0
DA:15,0
DA:16,0
DA:19,0
DA:20,0
DA:23,1
DA:28,2
DA:29,1
DA:31,1
DA:36,2
DA:38,1
DA:44,1
DA:47,2
LF:19
LH:13
BRDA:15,0,0,0
BRDA:15,0,1,0
BRDA:39,1,0,1
BRDA:39,1,1,0
BRF:4
BRH:1
end_of_record
TN:
SF:src\interaction-store.ts
FN:25,(anonymous_0)
FNF:1
FNH:1
FNDA:6,(anonymous_0)
DA:25,3
DA:29,6
DA:31,0
DA:34,1
DA:37,5
DA:52,0
LF:6
LH:4
BRDA:30,0,0,0
BRDA:30,0,1,1
BRDA:30,0,2,5
BRF:3
BRH:2
end_of_record
TN:
SF:src\store.ts
FN:29,(anonymous_0)
FN:49,(anonymous_1)
FN:128,(anonymous_2)
FN:138,(anonymous_3)
FNF:4
FNH:4
FNDA:2,(anonymous_0)
FNDA:8,(anonymous_1)
FNDA:2,(anonymous_2)
FNDA:2,(anonymous_3)
DA:1,2
DA:9,2
DA:29,2
DA:30,2
DA:31,2
DA:42,2
DA:49,2
DA:50,8
DA:51,8
DA:55,2
DA:59,2
DA:67,0
DA:74,6
DA:77,2
DA:79,2
DA:85,2
DA:90,2
DA:102,2
DA:103,1
DA:104,1
DA:113,2
DA:114,0
DA:120,2
DA:122,4
DA:123,4
DA:126,4
DA:127,2
DA:129,2
DA:133,2
DA:134,1
DA:136,2
DA:139,2
DA:143,1
DA:146,4
DA:148,4
DA:149,2
DA:151,2
DA:165,4
DA:172,0
LF:39
LH:36
BRDA:29,0,0,2
BRDA:29,0,1,2
BRDA:52,1,0,0
BRDA:52,1,1,2
BRDA:52,1,2,2
BRDA:52,1,3,0
BRDA:52,1,4,4
BRDA:52,1,5,6
BRDA:63,2,0,2
BRDA:63,2,1,0
BRDA:75,3,0,2
BRDA:75,3,1,4
BRDA:79,4,0,2
BRDA:79,4,1,1
BRDA:79,4,2,1
BRDA:87,5,0,0
BRDA:87,5,1,2
BRDA:85,6,0,2
BRDA:85,6,1,0
BRDA:102,7,0,1
BRDA:102,7,1,1
BRDA:113,8,0,0
BRDA:113,8,1,2
BRDA:126,9,0,2
BRDA:126,9,1,2
BRDA:129,10,0,2
BRDA:129,10,1,1
BRDA:133,11,0,1
BRDA:133,11,1,1
BRDA:133,12,0,2
BRDA:133,12,1,1
BRDA:136,13,0,1
BRDA:136,13,1,1
BRDA:139,14,0,2
BRDA:139,14,1,1
BRDA:148,15,0,2
BRDA:148,15,1,2
BRDA:153,16,0,1
BRDA:153,16,1,1
BRDA:153,17,0,2
BRDA:153,17,1,2
BRDA:154,18,0,2
BRDA:154,18,1,1
BRDA:155,19,0,1
BRDA:155,19,1,1
BRDA:155,20,0,2
BRDA:155,20,1,2
BRDA:156,21,0,1
BRDA:156,21,1,1
BRDA:156,22,0,2
BRDA:156,22,1,2
BRDA:157,23,0,1
BRDA:157,23,1,1
BRDA:157,24,0,2
BRDA:157,24,1,2
BRF:55
BRH:49
end_of_record
