TN:
SF:src/events-version-control.ts
FN:24,(anonymous_0)
FN:43,createFileState
FN:60,initialVersionControlState
FN:64,versionControlReducer
FN:133,reduceVersionControl
FNF:5
FNH:5
FNDA:1,(anonymous_0)
FNDA:6,createFileState
FNDA:2,initialVersionControlState
FNDA:6,versionControlReducer
FNDA:6,reduceVersionControl
DA:1,1
DA:24,1
DA:25,1
DA:26,1
DA:51,6
DA:60,1
DA:61,2
DA:64,1
DA:68,6
DA:70,0
DA:73,6
DA:74,6
DA:75,6
DA:82,6
DA:83,6
DA:84,6
DA:86,6
DA:88,0
DA:89,0
DA:90,0
DA:92,5
DA:93,5
DA:95,1
DA:96,1
DA:98,1
DA:100,0
DA:102,0
DA:110,0
DA:113,6
DA:122,6
DA:133,1
DA:137,6
DA:139,6
DA:140,6
DA:143,6
LF:35
LH:28
BRDA:24,0,0,1
BRDA:24,0,1,1
BRDA:56,1,0,6
BRDA:56,1,1,0
BRDA:69,2,0,0
BRDA:69,2,1,6
BRDA:75,3,0,6
BRDA:75,3,1,2
BRDA:87,4,0,0
BRDA:87,4,1,5
BRDA:87,4,2,1
BRDA:87,4,3,0
BRDA:105,5,0,0
BRDA:105,5,1,0
BRDA:135,6,0,2
BRDA:137,7,0,6
BRDA:137,7,1,2
BRF:17
BRH:11
end_of_record
